2023-04-03T11:00:41.630Z [INFO] Scanning for projects...
Downloading from nykredit: https://maven.tools.nykredit.it/org/junit/junit-bom/5.3.2/junit-bom-5.3.2.pom
Downloaded from nykredit: https://maven.tools.nykredit.it/org/junit/junit-bom/5.3.2/junit-bom-5.3.2.pom (4.1 kB at 4.7 kB/s)
2023-04-03T11:00:42.788Z [INFO]
2023-04-03T11:00:42.788Z [INFO] -------------------------< dk.hindsholm:bank >--------------------------
2023-04-03T11:00:42.788Z [INFO] Building bank 1.0-SNAPSHOT
2023-04-03T11:00:42.788Z [INFO] --------------------------------[ war ]---------------------------------
Downloading from nykredit: https://maven.tools.nykredit.it/com/sebastian-daschner/jaxrs-analyzer-maven-plugin/0.17/jaxrs-analyzer-maven-plugin-0.17.pom
Downloaded from nykredit: https://maven.tools.nykredit.it/com/sebastian-daschner/jaxrs-analyzer-maven-plugin/0.17/jaxrs-analyzer-maven-plugin-0.17.pom (5.8 kB at 18 kB/s)
Downloading from nykredit: https://maven.tools.nykredit.it/com/sebastian-daschner/jaxrs-analyzer-maven-plugin/0.17/jaxrs-analyzer-maven-plugin-0.17.jar
Downloaded from nykredit: https://maven.tools.nykredit.it/com/sebastian-daschner/jaxrs-analyzer-maven-plugin/0.17/jaxrs-analyzer-maven-plugin-0.17.jar (13 kB at 38 kB/s)
Downloading from nykredit: https://maven.tools.nykredit.it/org/apache/maven/plugins/maven-failsafe-plugin/2.22.0/maven-failsafe-plugin-2.22.0.pom
Downloaded from nykredit: https://maven.tools.nykredit.it/org/apache/maven/plugins/maven-failsafe-plugin/2.22.0/maven-failsafe-plugin-2.22.0.pom (12 kB at 38 kB/s)
Downloading from nykredit: https://maven.tools.nykredit.it/org/apache/maven/surefire/surefire/2.22.0/surefire-2.22.0.pom
Downloaded from nykredit: https://maven.tools.nykredit.it/org/apache/maven/surefire/surefire/2.22.0/surefire-2.22.0.pom (27 kB at 91 kB/s)
Downloading from nykredit: https://maven.tools.nykredit.it/org/apache/maven/maven-parent/31/maven-parent-31.pom
Downloaded from nykredit: https://maven.tools.nykredit.it/org/apache/maven/maven-parent/31/maven-parent-31.pom (43 kB at 136 kB/s)
Downloading from nykredit: https://maven.tools.nykredit.it/org/apache/apache/19/apache-19.pom
Downloaded from nykredit: https://maven.tools.nykredit.it/org/apache/apache/19/apache-19.pom (15 kB at 58 kB/s)
Downloading from nykredit: https://maven.tools.nykredit.it/org/apache/maven/plugins/maven-failsafe-plugin/2.22.0/maven-failsafe-plugin-2.22.0.jar
Downloaded from nykredit: https://maven.tools.nykredit.it/org/apache/maven/plugins/maven-failsafe-plugin/2.22.0/maven-failsafe-plugin-2.22.0.jar (294 kB at 891 kB/s)
Downloading from nykredit: https://maven.tools.nykredit.it/org/apache/maven/plugins/maven-clean-plugin/2.5/maven-clean-plugin-2.5.pom
Downloaded from nykredit: https://maven.tools.nykredit.it/org/apache/maven/plugins/maven-clean-plugin/2.5/maven-clean-plugin-2.5.pom (3.9 kB at 13 kB/s)
Downloading from nykredit: https://maven.tools.nykredit.it/org/apache/maven/plugins/maven-plugins/22/maven-plugins-22.pom
Downloaded from nykredit: https://maven.tools.nykredit.it/org/apache/maven/plugins/maven-plugins/22/maven-plugins-22.pom (13 kB at 45 kB/s)
Downloading from nykredit: https://maven.tools.nykredit.it/org/apache/maven/maven-parent/21/maven-parent-21.pom
Downloaded from nykredit: https://maven.tools.nykredit.it/org/apache/maven/maven-parent/21/maven-parent-21.pom (26 kB at 99 kB/s)
Downloading from nykredit: https://maven.tools.nykredit.it/org/apache/apache/10/apache-10.pom
Downloaded from nykredit: https://maven.tools.nykredit.it/org/apache/apache/10/apache-10.pom (15 kB at 47 kB/s)
Downloading from nykredit: https://maven.tools.nykredit.it/org/apache/maven/plugins/maven-clean-plugin/2.5/maven-clean-plugin-2.5.jar
Downloaded from nykredit: https://maven.tools.nykredit.it/org/apache/maven/plugins/maven-clean-plugin/2.5/maven-clean-plugin-2.5.jar (25 kB at 79 kB/s)
Downloading from nykredit: https://maven.tools.nykredit.it/org/apache/maven/plugins/maven-resources-plugin/2.6/maven-resources-plugin-2.6.pom
Downloaded from nykredit: https://maven.tools.nykredit.it/org/apache/maven/plugins/maven-resources-plugin/2.6/maven-resources-plugin-2.6.pom (8.1 kB at 31 kB/s)
Downloading from nykredit: https://maven.tools.nykredit.it/org/apache/maven/plugins/maven-plugins/23/maven-plugins-23.pom
Downloaded from nykredit: https://maven.tools.nykredit.it/org/apache/maven/plugins/maven-plugins/23/maven-plugins-23.pom (9.2 kB at 31 kB/s)
Downloading from nykredit: https://maven.tools.nykredit.it/org/apache/maven/maven-parent/22/maven-parent-22.pom
Downloaded from nykredit: https://maven.tools.nykredit.it/org/apache/maven/maven-parent/22/maven-parent-22.pom (30 kB at 103 kB/s)
Downloading from nykredit: https://maven.tools.nykredit.it/org/apache/apache/11/apache-11.pom
Downloaded from nykredit: https://maven.tools.nykredit.it/org/apache/apache/11/apache-11.pom (15 kB at 50 kB/s)
Downloading from nykredit: https://maven.tools.nykredit.it/org/apache/maven/plugins/maven-resources-plugin/2.6/maven-resources-plugin-2.6.jar
Downloaded from nykredit: https://maven.tools.nykredit.it/org/apache/maven/plugins/maven-resources-plugin/2.6/maven-resources-plugin-2.6.jar (30 kB at 95 kB/s)
Downloading from nykredit: https://maven.tools.nykredit.it/org/apache/maven/plugins/maven-compiler-plugin/3.1/maven-compiler-plugin-3.1.pom
Downloaded from nykredit: https://maven.tools.nykredit.it/org/apache/maven/plugins/maven-compiler-plugin/3.1/maven-compiler-plugin-3.1.pom (10 kB at 35 kB/s)
Downloading from nykredit: https://maven.tools.nykredit.it/org/apache/maven/plugins/maven-plugins/24/maven-plugins-24.pom
Downloaded from nykredit: https://maven.tools.nykredit.it/org/apache/maven/plugins/maven-plugins/24/maven-plugins-24.pom (11 kB at 37 kB/s)
Downloading from nykredit: https://maven.tools.nykredit.it/org/apache/maven/maven-parent/23/maven-parent-23.pom
Downloaded from nykredit: https://maven.tools.nykredit.it/org/apache/maven/maven-parent/23/maven-parent-23.pom (33 kB at 112 kB/s)
Downloading from nykredit: https://maven.tools.nykredit.it/org/apache/apache/13/apache-13.pom
Downloaded from nykredit: https://maven.tools.nykredit.it/org/apache/apache/13/apache-13.pom (14 kB at 49 kB/s)
Downloading from nykredit: https://maven.tools.nykredit.it/org/apache/maven/plugins/maven-compiler-plugin/3.1/maven-compiler-plugin-3.1.jar
Downloaded from nykredit: https://maven.tools.nykredit.it/org/apache/maven/plugins/maven-compiler-plugin/3.1/maven-compiler-plugin-3.1.jar (43 kB at 141 kB/s)
Downloading from nykredit: https://maven.tools.nykredit.it/org/apache/maven/plugins/maven-surefire-plugin/2.22.0/maven-surefire-plugin-2.22.0.pom
Downloaded from nykredit: https://maven.tools.nykredit.it/org/apache/maven/plugins/maven-surefire-plugin/2.22.0/maven-surefire-plugin-2.22.0.pom (5.0 kB at 18 kB/s)
Downloading from nykredit: https://maven.tools.nykredit.it/org/apache/maven/plugins/maven-surefire-plugin/2.22.0/maven-surefire-plugin-2.22.0.jar
Downloaded from nykredit: https://maven.tools.nykredit.it/org/apache/maven/plugins/maven-surefire-plugin/2.22.0/maven-surefire-plugin-2.22.0.jar (41 kB at 135 kB/s)
Downloading from nykredit: https://maven.tools.nykredit.it/org/apache/maven/plugins/maven-war-plugin/2.2/maven-war-plugin-2.2.pom
Downloaded from nykredit: https://maven.tools.nykredit.it/org/apache/maven/plugins/maven-war-plugin/2.2/maven-war-plugin-2.2.pom (6.5 kB at 22 kB/s)
Downloading from nykredit: https://maven.tools.nykredit.it/org/apache/maven/plugins/maven-war-plugin/2.2/maven-war-plugin-2.2.jar
Downloaded from nykredit: https://maven.tools.nykredit.it/org/apache/maven/plugins/maven-war-plugin/2.2/maven-war-plugin-2.2.jar (79 kB at 255 kB/s)
Downloading from nykredit: https://maven.tools.nykredit.it/javax/javaee-api/7.0/javaee-api-7.0.pom
Downloaded from nykredit: https://maven.tools.nykredit.it/javax/javaee-api/7.0/javaee-api-7.0.pom (8.6 kB at 32 kB/s)
Downloading from nykredit: https://maven.tools.nykredit.it/net/java/jvnet-parent/3/jvnet-parent-3.pom
Downloaded from nykredit: https://maven.tools.nykredit.it/net/java/jvnet-parent/3/jvnet-parent-3.pom (4.8 kB at 18 kB/s)
Downloading from nykredit: https://maven.tools.nykredit.it/com/sun/mail/javax.mail/1.5.0/javax.mail-1.5.0.pom
Downloaded from nykredit: https://maven.tools.nykredit.it/com/sun/mail/javax.mail/1.5.0/javax.mail-1.5.0.pom (4.3 kB at 15 kB/s)
Downloading from nykredit: https://maven.tools.nykredit.it/com/sun/mail/all/1.5.0/all-1.5.0.pom
Downloaded from nykredit: https://maven.tools.nykredit.it/com/sun/mail/all/1.5.0/all-1.5.0.pom (19 kB at 64 kB/s)
Downloading from nykredit: https://maven.tools.nykredit.it/net/java/jvnet-parent/1/jvnet-parent-1.pom
Downloaded from nykredit: https://maven.tools.nykredit.it/net/java/jvnet-parent/1/jvnet-parent-1.pom (4.7 kB at 16 kB/s)
Downloading from nykredit: https://maven.tools.nykredit.it/javax/activation/activation/1.1/activation-1.1.pom
Downloaded from nykredit: https://maven.tools.nykredit.it/javax/activation/activation/1.1/activation-1.1.pom (1.1 kB at 4.0 kB/s)
Downloading from nykredit: https://maven.tools.nykredit.it/org/junit/jupiter/junit-jupiter-api/5.3.2/junit-jupiter-api-5.3.2.pom
Downloaded from nykredit: https://maven.tools.nykredit.it/org/junit/jupiter/junit-jupiter-api/5.3.2/junit-jupiter-api-5.3.2.pom (2.4 kB at 8.4 kB/s)
Downloading from nykredit: https://maven.tools.nykredit.it/org/apiguardian/apiguardian-api/1.0.0/apiguardian-api-1.0.0.pom
Downloaded from nykredit: https://maven.tools.nykredit.it/org/apiguardian/apiguardian-api/1.0.0/apiguardian-api-1.0.0.pom (1.2 kB at 4.1 kB/s)
Downloading from nykredit: https://maven.tools.nykredit.it/org/opentest4j/opentest4j/1.1.1/opentest4j-1.1.1.pom
Downloaded from nykredit: https://maven.tools.nykredit.it/org/opentest4j/opentest4j/1.1.1/opentest4j-1.1.1.pom (1.7 kB at 5.7 kB/s)
Downloading from nykredit: https://maven.tools.nykredit.it/org/junit/platform/junit-platform-commons/1.3.2/junit-platform-commons-1.3.2.pom
Downloaded from nykredit: https://maven.tools.nykredit.it/org/junit/platform/junit-platform-commons/1.3.2/junit-platform-commons-1.3.2.pom (2.0 kB at 7.0 kB/s)
Downloading from nykredit: https://maven.tools.nykredit.it/org/junit/jupiter/junit-jupiter-engine/5.3.2/junit-jupiter-engine-5.3.2.pom
Downloaded from nykredit: https://maven.tools.nykredit.it/org/junit/jupiter/junit-jupiter-engine/5.3.2/junit-jupiter-engine-5.3.2.pom (2.4 kB at 7.7 kB/s)
Downloading from nykredit: https://maven.tools.nykredit.it/org/junit/platform/junit-platform-engine/1.3.2/junit-platform-engine-1.3.2.pom
Downloaded from nykredit: https://maven.tools.nykredit.it/org/junit/platform/junit-platform-engine/1.3.2/junit-platform-engine-1.3.2.pom (2.4 kB at 8.3 kB/s)
Downloading from nykredit: https://maven.tools.nykredit.it/org/junit/jupiter/junit-jupiter-params/5.3.2/junit-jupiter-params-5.3.2.pom
Downloaded from nykredit: https://maven.tools.nykredit.it/org/junit/jupiter/junit-jupiter-params/5.3.2/junit-jupiter-params-5.3.2.pom (2.2 kB at 8.1 kB/s)
Downloading from nykredit: https://maven.tools.nykredit.it/org/mockito/mockito-core/2.23.4/mockito-core-2.23.4.pom
Downloaded from nykredit: https://maven.tools.nykredit.it/org/mockito/mockito-core/2.23.4/mockito-core-2.23.4.pom (18 kB at 61 kB/s)
Downloading from nykredit: https://maven.tools.nykredit.it/net/bytebuddy/byte-buddy/1.9.3/byte-buddy-1.9.3.pom
Downloaded from nykredit: https://maven.tools.nykredit.it/net/bytebuddy/byte-buddy/1.9.3/byte-buddy-1.9.3.pom (10 kB at 34 kB/s)
Downloading from nykredit: https://maven.tools.nykredit.it/net/bytebuddy/byte-buddy-parent/1.9.3/byte-buddy-parent-1.9.3.pom
Downloaded from nykredit: https://maven.tools.nykredit.it/net/bytebuddy/byte-buddy-parent/1.9.3/byte-buddy-parent-1.9.3.pom (34 kB at 114 kB/s)
Downloading from nykredit: https://maven.tools.nykredit.it/net/bytebuddy/byte-buddy-agent/1.9.3/byte-buddy-agent-1.9.3.pom
Downloaded from nykredit: https://maven.tools.nykredit.it/net/bytebuddy/byte-buddy-agent/1.9.3/byte-buddy-agent-1.9.3.pom (6.0 kB at 20 kB/s)
Downloading from nykredit: https://maven.tools.nykredit.it/org/objenesis/objenesis/2.6/objenesis-2.6.pom
Downloaded from nykredit: https://maven.tools.nykredit.it/org/objenesis/objenesis/2.6/objenesis-2.6.pom (2.8 kB at 10 kB/s)
Downloading from nykredit: https://maven.tools.nykredit.it/org/objenesis/objenesis-parent/2.6/objenesis-parent-2.6.pom
Downloaded from nykredit: https://maven.tools.nykredit.it/org/objenesis/objenesis-parent/2.6/objenesis-parent-2.6.pom (17 kB at 59 kB/s)
Downloading from nykredit: https://maven.tools.nykredit.it/org/mockito/mockito-junit-jupiter/2.23.4/mockito-junit-jupiter-2.23.4.pom
Downloaded from nykredit: https://maven.tools.nykredit.it/org/mockito/mockito-junit-jupiter/2.23.4/mockito-junit-jupiter-2.23.4.pom (17 kB at 58 kB/s)
Downloading from nykredit: https://maven.tools.nykredit.it/org/testcontainers/junit-jupiter/1.10.3/junit-jupiter-1.10.3.pom
Downloaded from nykredit: https://maven.tools.nykredit.it/org/testcontainers/junit-jupiter/1.10.3/junit-jupiter-1.10.3.pom (1.7 kB at 5.9 kB/s)
Downloading from nykredit: https://maven.tools.nykredit.it/org/testcontainers/testcontainers/1.10.3/testcontainers-1.10.3.pom
Downloaded from nykredit: https://maven.tools.nykredit.it/org/testcontainers/testcontainers/1.10.3/testcontainers-1.10.3.pom (3.5 kB at 13 kB/s)
Downloading from nykredit: https://maven.tools.nykredit.it/junit/junit/4.12/junit-4.12.pom
Downloaded from nykredit: https://maven.tools.nykredit.it/junit/junit/4.12/junit-4.12.pom (24 kB at 83 kB/s)
Downloading from nykredit: https://maven.tools.nykredit.it/org/hamcrest/hamcrest-core/1.3/hamcrest-core-1.3.pom
Downloaded from nykredit: https://maven.tools.nykredit.it/org/hamcrest/hamcrest-core/1.3/hamcrest-core-1.3.pom (766 B at 2.8 kB/s)
Downloading from nykredit: https://maven.tools.nykredit.it/org/hamcrest/hamcrest-parent/1.3/hamcrest-parent-1.3.pom
Downloaded from nykredit: https://maven.tools.nykredit.it/org/hamcrest/hamcrest-parent/1.3/hamcrest-parent-1.3.pom (2.0 kB at 7.6 kB/s)
Downloading from nykredit: https://maven.tools.nykredit.it/org/slf4j/slf4j-api/1.7.25/slf4j-api-1.7.25.pom
Downloaded from nykredit: https://maven.tools.nykredit.it/org/slf4j/slf4j-api/1.7.25/slf4j-api-1.7.25.pom (3.8 kB at 14 kB/s)
Downloading from nykredit: https://maven.tools.nykredit.it/org/slf4j/slf4j-parent/1.7.25/slf4j-parent-1.7.25.pom
Downloaded from nykredit: https://maven.tools.nykredit.it/org/slf4j/slf4j-parent/1.7.25/slf4j-parent-1.7.25.pom (14 kB at 50 kB/s)
Downloading from nykredit: https://maven.tools.nykredit.it/org/jetbrains/annotations/15.0/annotations-15.0.pom
Downloaded from nykredit: https://maven.tools.nykredit.it/org/jetbrains/annotations/15.0/annotations-15.0.pom (5.5 kB at 18 kB/s)
Downloading from nykredit: https://maven.tools.nykredit.it/javax/annotation/javax.annotation-api/1.3.1/javax.annotation-api-1.3.1.pom
Downloaded from nykredit: https://maven.tools.nykredit.it/javax/annotation/javax.annotation-api/1.3.1/javax.annotation-api-1.3.1.pom (14 kB at 45 kB/s)
Downloading from nykredit: https://maven.tools.nykredit.it/org/apache/commons/commons-compress/1.18/commons-compress-1.18.pom
Downloaded from nykredit: https://maven.tools.nykredit.it/org/apache/commons/commons-compress/1.18/commons-compress-1.18.pom (18 kB at 60 kB/s)
Downloading from nykredit: https://maven.tools.nykredit.it/org/apache/commons/commons-parent/47/commons-parent-47.pom
Downloaded from nykredit: https://maven.tools.nykredit.it/org/apache/commons/commons-parent/47/commons-parent-47.pom (78 kB at 245 kB/s)
Downloading from nykredit: https://maven.tools.nykredit.it/javax/xml/bind/jaxb-api/2.3.0/jaxb-api-2.3.0.pom
Downloaded from nykredit: https://maven.tools.nykredit.it/javax/xml/bind/jaxb-api/2.3.0/jaxb-api-2.3.0.pom (23 kB at 84 kB/s)
Downloading from nykredit: https://maven.tools.nykredit.it/javax/xml/bind/jaxb-api-parent/2.3.0/jaxb-api-parent-2.3.0.pom
Downloaded from nykredit: https://maven.tools.nykredit.it/javax/xml/bind/jaxb-api-parent/2.3.0/jaxb-api-parent-2.3.0.pom (5.6 kB at 21 kB/s)
Downloading from nykredit: https://maven.tools.nykredit.it/net/java/jvnet-parent/5/jvnet-parent-5.pom
Downloaded from nykredit: https://maven.tools.nykredit.it/net/java/jvnet-parent/5/jvnet-parent-5.pom (8.9 kB at 33 kB/s)
Downloading from nykredit: https://maven.tools.nykredit.it/org/rnorth/duct-tape/duct-tape/1.0.7/duct-tape-1.0.7.pom
Downloaded from nykredit: https://maven.tools.nykredit.it/org/rnorth/duct-tape/duct-tape/1.0.7/duct-tape-1.0.7.pom (6.0 kB at 21 kB/s)
Downloading from nykredit: https://maven.tools.nykredit.it/org/rnorth/visible-assertions/visible-assertions/2.1.1/visible-assertions-2.1.1.pom
Downloaded from nykredit: https://maven.tools.nykredit.it/org/rnorth/visible-assertions/visible-assertions/2.1.1/visible-assertions-2.1.1.pom (6.6 kB at 22 kB/s)
Downloading from nykredit: https://maven.tools.nykredit.it/net/java/dev/jna/jna/4.5.1/jna-4.5.1.pom
Downloaded from nykredit: https://maven.tools.nykredit.it/net/java/dev/jna/jna/4.5.1/jna-4.5.1.pom (1.6 kB at 5.3 kB/s)
Downloading from nykredit: https://maven.tools.nykredit.it/org/rnorth/tcp-unix-socket-proxy/1.0.2/tcp-unix-socket-proxy-1.0.2.pom
Downloaded from nykredit: https://maven.tools.nykredit.it/org/rnorth/tcp-unix-socket-proxy/1.0.2/tcp-unix-socket-proxy-1.0.2.pom (4.7 kB at 16 kB/s)
Downloading from nykredit: https://maven.tools.nykredit.it/com/kohlschutter/junixsocket/junixsocket-native-common/2.0.4/junixsocket-native-common-2.0.4.pom
Downloaded from nykredit: https://maven.tools.nykredit.it/com/kohlschutter/junixsocket/junixsocket-native-common/2.0.4/junixsocket-native-common-2.0.4.pom (3.8 kB at 12 kB/s)
Downloading from nykredit: https://maven.tools.nykredit.it/com/kohlschutter/junixsocket/junixsocket-parent/2.0.4/junixsocket-parent-2.0.4.pom
Downloaded from nykredit: https://maven.tools.nykredit.it/com/kohlschutter/junixsocket/junixsocket-parent/2.0.4/junixsocket-parent-2.0.4.pom (3.9 kB at 13 kB/s)
Downloading from nykredit: https://maven.tools.nykredit.it/com/kohlschutter/kohlschutter-parent/1.1/kohlschutter-parent-1.1.pom
Downloaded from nykredit: https://maven.tools.nykredit.it/com/kohlschutter/kohlschutter-parent/1.1/kohlschutter-parent-1.1.pom (18 kB at 62 kB/s)
Downloading from nykredit: https://maven.tools.nykredit.it/com/kohlschutter/junixsocket/junixsocket-common/2.0.4/junixsocket-common-2.0.4.pom
Downloaded from nykredit: https://maven.tools.nykredit.it/com/kohlschutter/junixsocket/junixsocket-common/2.0.4/junixsocket-common-2.0.4.pom (1.4 kB at 5.4 kB/s)
Downloading from nykredit: https://maven.tools.nykredit.it/org/scijava/native-lib-loader/2.0.2/native-lib-loader-2.0.2.pom
Downloaded from nykredit: https://maven.tools.nykredit.it/org/scijava/native-lib-loader/2.0.2/native-lib-loader-2.0.2.pom (2.6 kB at 10 kB/s)
Downloading from nykredit: https://maven.tools.nykredit.it/org/scijava/pom-scijava/3.1/pom-scijava-3.1.pom
Downloaded from nykredit: https://maven.tools.nykredit.it/org/scijava/pom-scijava/3.1/pom-scijava-3.1.pom (41 kB at 161 kB/s)
Downloading from nykredit: https://maven.tools.nykredit.it/org/slf4j/slf4j-api/1.7.21/slf4j-api-1.7.21.pom
Downloaded from nykredit: https://maven.tools.nykredit.it/org/slf4j/slf4j-api/1.7.21/slf4j-api-1.7.21.pom (2.8 kB at 11 kB/s)
Downloading from nykredit: https://maven.tools.nykredit.it/org/slf4j/slf4j-parent/1.7.21/slf4j-parent-1.7.21.pom
Downloaded from nykredit: https://maven.tools.nykredit.it/org/slf4j/slf4j-parent/1.7.21/slf4j-parent-1.7.21.pom (14 kB at 49 kB/s)
Downloading from nykredit: https://maven.tools.nykredit.it/net/java/dev/jna/jna-platform/4.5.1/jna-platform-4.5.1.pom
Downloaded from nykredit: https://maven.tools.nykredit.it/net/java/dev/jna/jna-platform/4.5.1/jna-platform-4.5.1.pom (1.8 kB at 6.5 kB/s)
Downloading from nykredit: https://maven.tools.nykredit.it/org/glassfish/javax.json/1.1.2/javax.json-1.1.2.pom
Downloaded from nykredit: https://maven.tools.nykredit.it/org/glassfish/javax.json/1.1.2/javax.json-1.1.2.pom (7.8 kB at 27 kB/s)
Downloading from nykredit: https://maven.tools.nykredit.it/org/glassfish/json/1.1.2/json-1.1.2.pom
Downloaded from nykredit: https://maven.tools.nykredit.it/org/glassfish/json/1.1.2/json-1.1.2.pom (18 kB at 64 kB/s)
Downloading from nykredit: https://maven.tools.nykredit.it/javax/json/javax.json-api/1.1.2/javax.json-api-1.1.2.pom
Downloaded from nykredit: https://maven.tools.nykredit.it/javax/json/javax.json-api/1.1.2/javax.json-api-1.1.2.pom (6.7 kB at 23 kB/s)
Downloading from nykredit: https://maven.tools.nykredit.it/org/glassfish/jersey/core/jersey-client/2.26/jersey-client-2.26.pom
Downloaded from nykredit: https://maven.tools.nykredit.it/org/glassfish/jersey/core/jersey-client/2.26/jersey-client-2.26.pom (7.4 kB at 24 kB/s)
Downloading from nykredit: https://maven.tools.nykredit.it/org/glassfish/jersey/project/2.26/project-2.26.pom
Downloaded from nykredit: https://maven.tools.nykredit.it/org/glassfish/jersey/project/2.26/project-2.26.pom (86 kB at 284 kB/s)
Downloading from nykredit: https://maven.tools.nykredit.it/net/java/jvnet-parent/4/jvnet-parent-4.pom
Downloaded from nykredit: https://maven.tools.nykredit.it/net/java/jvnet-parent/4/jvnet-parent-4.pom (7.8 kB at 27 kB/s)
Downloading from nykredit: https://maven.tools.nykredit.it/org/glassfish/hk2/hk2-bom/2.5.0-b42/hk2-bom-2.5.0-b42.pom
Downloaded from nykredit: https://maven.tools.nykredit.it/org/glassfish/hk2/hk2-bom/2.5.0-b42/hk2-bom-2.5.0-b42.pom (16 kB at 53 kB/s)
Downloading from nykredit: https://maven.tools.nykredit.it/javax/ws/rs/javax.ws.rs-api/2.1/javax.ws.rs-api-2.1.pom
Downloaded from nykredit: https://maven.tools.nykredit.it/javax/ws/rs/javax.ws.rs-api/2.1/javax.ws.rs-api-2.1.pom (30 kB at 104 kB/s)
Downloading from nykredit: https://maven.tools.nykredit.it/org/glassfish/jersey/core/jersey-common/2.26/jersey-common-2.26.pom
Downloaded from nykredit: https://maven.tools.nykredit.it/org/glassfish/jersey/core/jersey-common/2.26/jersey-common-2.26.pom (9.8 kB at 34 kB/s)
Downloading from nykredit: https://maven.tools.nykredit.it/javax/annotation/javax.annotation-api/1.2/javax.annotation-api-1.2.pom
Downloaded from nykredit: https://maven.tools.nykredit.it/javax/annotation/javax.annotation-api/1.2/javax.annotation-api-1.2.pom (13 kB at 38 kB/s)
Downloading from nykredit: https://maven.tools.nykredit.it/org/glassfish/hk2/external/javax.inject/2.5.0-b42/javax.inject-2.5.0-b42.pom
Downloaded from nykredit: https://maven.tools.nykredit.it/org/glassfish/hk2/external/javax.inject/2.5.0-b42/javax.inject-2.5.0-b42.pom (6.5 kB at 21 kB/s)
Downloading from nykredit: https://maven.tools.nykredit.it/org/glassfish/hk2/external/2.5.0-b42/external-2.5.0-b42.pom
Downloaded from nykredit: https://maven.tools.nykredit.it/org/glassfish/hk2/external/2.5.0-b42/external-2.5.0-b42.pom (2.8 kB at 9.7 kB/s)
Downloading from nykredit: https://maven.tools.nykredit.it/org/glassfish/hk2/hk2-parent/2.5.0-b42/hk2-parent-2.5.0-b42.pom
Downloaded from nykredit: https://maven.tools.nykredit.it/org/glassfish/hk2/hk2-parent/2.5.0-b42/hk2-parent-2.5.0-b42.pom (42 kB at 138 kB/s)
Downloading from nykredit: https://maven.tools.nykredit.it/org/glassfish/hk2/osgi-resource-locator/1.0.1/osgi-resource-locator-1.0.1.pom
Downloaded from nykredit: https://maven.tools.nykredit.it/org/glassfish/hk2/osgi-resource-locator/1.0.1/osgi-resource-locator-1.0.1.pom (6.2 kB at 20 kB/s)
Downloading from nykredit: https://maven.tools.nykredit.it/org/glassfish/pom/8/pom-8.pom
Downloaded from nykredit: https://maven.tools.nykredit.it/org/glassfish/pom/8/pom-8.pom (11 kB at 36 kB/s)
Downloading from nykredit: https://maven.tools.nykredit.it/org/glassfish/jersey/inject/jersey-hk2/2.26/jersey-hk2-2.26.pom
Downloaded from nykredit: https://maven.tools.nykredit.it/org/glassfish/jersey/inject/jersey-hk2/2.26/jersey-hk2-2.26.pom (5.2 kB at 18 kB/s)
Downloading from nykredit: https://maven.tools.nykredit.it/org/glassfish/jersey/inject/project/2.26/project-2.26.pom
Downloaded from nykredit: https://maven.tools.nykredit.it/org/glassfish/jersey/inject/project/2.26/project-2.26.pom (2.7 kB at 9.1 kB/s)
Downloading from nykredit: https://maven.tools.nykredit.it/org/glassfish/hk2/hk2-locator/2.5.0-b42/hk2-locator-2.5.0-b42.pom
Downloaded from nykredit: https://maven.tools.nykredit.it/org/glassfish/hk2/hk2-locator/2.5.0-b42/hk2-locator-2.5.0-b42.pom (7.9 kB at 26 kB/s)
Downloading from nykredit: https://maven.tools.nykredit.it/org/glassfish/hk2/external/aopalliance-repackaged/2.5.0-b42/aopalliance-repackaged-2.5.0-b42.pom
Downloaded from nykredit: https://maven.tools.nykredit.it/org/glassfish/hk2/external/aopalliance-repackaged/2.5.0-b42/aopalliance-repackaged-2.5.0-b42.pom (6.8 kB at 23 kB/s)
Downloading from nykredit: https://maven.tools.nykredit.it/org/glassfish/hk2/hk2-api/2.5.0-b42/hk2-api-2.5.0-b42.pom
Downloaded from nykredit: https://maven.tools.nykredit.it/org/glassfish/hk2/hk2-api/2.5.0-b42/hk2-api-2.5.0-b42.pom (4.6 kB at 16 kB/s)
Downloading from nykredit: https://maven.tools.nykredit.it/javax/inject/javax.inject/1/javax.inject-1.pom
Downloaded from nykredit: https://maven.tools.nykredit.it/javax/inject/javax.inject/1/javax.inject-1.pom (612 B at 2.2 kB/s)
Downloading from nykredit: https://maven.tools.nykredit.it/org/glassfish/hk2/hk2-utils/2.5.0-b42/hk2-utils-2.5.0-b42.pom
Downloaded from nykredit: https://maven.tools.nykredit.it/org/glassfish/hk2/hk2-utils/2.5.0-b42/hk2-utils-2.5.0-b42.pom (6.9 kB at 22 kB/s)
Downloading from nykredit: https://maven.tools.nykredit.it/org/javassist/javassist/3.22.0-CR2/javassist-3.22.0-CR2.pom
Downloaded from nykredit: https://maven.tools.nykredit.it/org/javassist/javassist/3.22.0-CR2/javassist-3.22.0-CR2.pom (10 kB at 33 kB/s)
Downloading from nykredit: https://maven.tools.nykredit.it/org/glassfish/jersey/media/jersey-media-json-jackson/2.26/jersey-media-json-jackson-2.26.pom
Downloaded from nykredit: https://maven.tools.nykredit.it/org/glassfish/jersey/media/jersey-media-json-jackson/2.26/jersey-media-json-jackson-2.26.pom (5.1 kB at 17 kB/s)
Downloading from nykredit: https://maven.tools.nykredit.it/org/glassfish/jersey/media/project/2.26/project-2.26.pom
Downloaded from nykredit: https://maven.tools.nykredit.it/org/glassfish/jersey/media/project/2.26/project-2.26.pom (3.3 kB at 8.0 kB/s)
Downloading from nykredit: https://maven.tools.nykredit.it/org/glassfish/jersey/ext/jersey-entity-filtering/2.26/jersey-entity-filtering-2.26.pom
Downloaded from nykredit: https://maven.tools.nykredit.it/org/glassfish/jersey/ext/jersey-entity-filtering/2.26/jersey-entity-filtering-2.26.pom (4.5 kB at 16 kB/s)
Downloading from nykredit: https://maven.tools.nykredit.it/org/glassfish/jersey/ext/project/2.26/project-2.26.pom
Downloaded from nykredit: https://maven.tools.nykredit.it/org/glassfish/jersey/ext/project/2.26/project-2.26.pom (4.0 kB at 14 kB/s)
Downloading from nykredit: https://maven.tools.nykredit.it/com/fasterxml/jackson/core/jackson-annotations/2.8.4/jackson-annotations-2.8.4.pom
Downloaded from nykredit: https://maven.tools.nykredit.it/com/fasterxml/jackson/core/jackson-annotations/2.8.4/jackson-annotations-2.8.4.pom (1.8 kB at 6.4 kB/s)
Downloading from nykredit: https://maven.tools.nykredit.it/com/fasterxml/jackson/jackson-parent/2.8/jackson-parent-2.8.pom
Downloaded from nykredit: https://maven.tools.nykredit.it/com/fasterxml/jackson/jackson-parent/2.8/jackson-parent-2.8.pom (8.0 kB at 27 kB/s)
Downloading from nykredit: https://maven.tools.nykredit.it/com/fasterxml/oss-parent/27/oss-parent-27.pom
Downloaded from nykredit: https://maven.tools.nykredit.it/com/fasterxml/oss-parent/27/oss-parent-27.pom (20 kB at 68 kB/s)
Downloading from nykredit: https://maven.tools.nykredit.it/com/fasterxml/jackson/core/jackson-databind/2.8.4/jackson-databind-2.8.4.pom
Downloaded from nykredit: https://maven.tools.nykredit.it/com/fasterxml/jackson/core/jackson-databind/2.8.4/jackson-databind-2.8.4.pom (5.4 kB at 19 kB/s)
Downloading from nykredit: https://maven.tools.nykredit.it/com/fasterxml/jackson/core/jackson-annotations/2.8.0/jackson-annotations-2.8.0.pom
Downloaded from nykredit: https://maven.tools.nykredit.it/com/fasterxml/jackson/core/jackson-annotations/2.8.0/jackson-annotations-2.8.0.pom (1.8 kB at 6.6 kB/s)
Downloading from nykredit: https://maven.tools.nykredit.it/com/fasterxml/jackson/core/jackson-core/2.8.4/jackson-core-2.8.4.pom
Downloaded from nykredit: https://maven.tools.nykredit.it/com/fasterxml/jackson/core/jackson-core/2.8.4/jackson-core-2.8.4.pom (5.4 kB at 19 kB/s)
Downloading from nykredit: https://maven.tools.nykredit.it/com/fasterxml/jackson/module/jackson-module-jaxb-annotations/2.8.4/jackson-module-jaxb-annotations-2.8.4.pom
Downloaded from nykredit: https://maven.tools.nykredit.it/com/fasterxml/jackson/module/jackson-module-jaxb-annotations/2.8.4/jackson-module-jaxb-annotations-2.8.4.pom (3.6 kB at 13 kB/s)
Downloading from nykredit: https://maven.tools.nykredit.it/org/slf4j/slf4j-jdk14/1.7.25/slf4j-jdk14-1.7.25.pom
Downloaded from nykredit: https://maven.tools.nykredit.it/org/slf4j/slf4j-jdk14/1.7.25/slf4j-jdk14-1.7.25.pom (1.0 kB at 3.7 kB/s)
Downloading from nykredit: https://maven.tools.nykredit.it/javax/javaee-api/7.0/javaee-api-7.0.jar
Downloading from nykredit: https://maven.tools.nykredit.it/com/sun/mail/javax.mail/1.5.0/javax.mail-1.5.0.jar
Downloading from nykredit: https://maven.tools.nykredit.it/javax/activation/activation/1.1/activation-1.1.jar
Downloading from nykredit: https://maven.tools.nykredit.it/org/junit/jupiter/junit-jupiter-api/5.3.2/junit-jupiter-api-5.3.2.jar
Downloading from nykredit: https://maven.tools.nykredit.it/org/apiguardian/apiguardian-api/1.0.0/apiguardian-api-1.0.0.jar
Downloaded from nykredit: https://maven.tools.nykredit.it/org/apiguardian/apiguardian-api/1.0.0/apiguardian-api-1.0.0.jar (2.2 kB at 7.2 kB/s)
Downloading from nykredit: https://maven.tools.nykredit.it/org/opentest4j/opentest4j/1.1.1/opentest4j-1.1.1.jar
Downloaded from nykredit: https://maven.tools.nykredit.it/javax/activation/activation/1.1/activation-1.1.jar (63 kB at 198 kB/s)
Downloading from nykredit: https://maven.tools.nykredit.it/org/junit/platform/junit-platform-commons/1.3.2/junit-platform-commons-1.3.2.jar
Downloaded from nykredit: https://maven.tools.nykredit.it/org/junit/jupiter/junit-jupiter-api/5.3.2/junit-jupiter-api-5.3.2.jar (115 kB at 337 kB/s)
Downloading from nykredit: https://maven.tools.nykredit.it/org/junit/jupiter/junit-jupiter-engine/5.3.2/junit-jupiter-engine-5.3.2.jar
Downloaded from nykredit: https://maven.tools.nykredit.it/com/sun/mail/javax.mail/1.5.0/javax.mail-1.5.0.jar (522 kB at 1.4 MB/s)
Downloading from nykredit: https://maven.tools.nykredit.it/org/junit/platform/junit-platform-engine/1.3.2/junit-platform-engine-1.3.2.jar
Downloaded from nykredit: https://maven.tools.nykredit.it/org/opentest4j/opentest4j/1.1.1/opentest4j-1.1.1.jar (7.1 kB at 15 kB/s)
Downloading from nykredit: https://maven.tools.nykredit.it/org/junit/jupiter/junit-jupiter-params/5.3.2/junit-jupiter-params-5.3.2.jar
Downloaded from nykredit: https://maven.tools.nykredit.it/org/junit/platform/junit-platform-commons/1.3.2/junit-platform-commons-1.3.2.jar (78 kB at 145 kB/s)
Downloading from nykredit: https://maven.tools.nykredit.it/org/mockito/mockito-core/2.23.4/mockito-core-2.23.4.jar
Downloaded from nykredit: https://maven.tools.nykredit.it/javax/javaee-api/7.0/javaee-api-7.0.jar (1.9 MB at 3.5 MB/s)
Downloading from nykredit: https://maven.tools.nykredit.it/net/bytebuddy/byte-buddy/1.9.3/byte-buddy-1.9.3.jar
Downloaded from nykredit: https://maven.tools.nykredit.it/org/junit/jupiter/junit-jupiter-engine/5.3.2/junit-jupiter-engine-5.3.2.jar (150 kB at 265 kB/s)
Downloading from nykredit: https://maven.tools.nykredit.it/net/bytebuddy/byte-buddy-agent/1.9.3/byte-buddy-agent-1.9.3.jar
Downloaded from nykredit: https://maven.tools.nykredit.it/org/junit/platform/junit-platform-engine/1.3.2/junit-platform-engine-1.3.2.jar (138 kB at 227 kB/s)
Downloading from nykredit: https://maven.tools.nykredit.it/org/objenesis/objenesis/2.6/objenesis-2.6.jar
Downloaded from nykredit: https://maven.tools.nykredit.it/org/junit/jupiter/junit-jupiter-params/5.3.2/junit-jupiter-params-5.3.2.jar (501 kB at 659 kB/s)
Downloading from nykredit: https://maven.tools.nykredit.it/org/mockito/mockito-junit-jupiter/2.23.4/mockito-junit-jupiter-2.23.4.jar
Downloaded from nykredit: https://maven.tools.nykredit.it/net/bytebuddy/byte-buddy-agent/1.9.3/byte-buddy-agent-1.9.3.jar (43 kB at 57 kB/s)
Downloading from nykredit: https://maven.tools.nykredit.it/org/testcontainers/junit-jupiter/1.10.3/junit-jupiter-1.10.3.jar
Downloaded from nykredit: https://maven.tools.nykredit.it/org/objenesis/objenesis/2.6/objenesis-2.6.jar (56 kB at 68 kB/s)
Downloading from nykredit: https://maven.tools.nykredit.it/org/testcontainers/testcontainers/1.10.3/testcontainers-1.10.3.jar
Downloaded from nykredit: https://maven.tools.nykredit.it/org/mockito/mockito-core/2.23.4/mockito-core-2.23.4.jar (565 kB at 686 kB/s)
Downloading from nykredit: https://maven.tools.nykredit.it/junit/junit/4.12/junit-4.12.jar
Downloaded from nykredit: https://maven.tools.nykredit.it/org/mockito/mockito-junit-jupiter/2.23.4/mockito-junit-jupiter-2.23.4.jar (4.7 kB at 4.9 kB/s)
Downloading from nykredit: https://maven.tools.nykredit.it/org/hamcrest/hamcrest-core/1.3/hamcrest-core-1.3.jar
Downloaded from nykredit: https://maven.tools.nykredit.it/org/testcontainers/junit-jupiter/1.10.3/junit-jupiter-1.10.3.jar (6.7 kB at 7.1 kB/s)
Downloading from nykredit: https://maven.tools.nykredit.it/org/jetbrains/annotations/15.0/annotations-15.0.jar
Downloaded from nykredit: https://maven.tools.nykredit.it/junit/junit/4.12/junit-4.12.jar (315 kB at 296 kB/s)
Downloading from nykredit: https://maven.tools.nykredit.it/javax/annotation/javax.annotation-api/1.3.1/javax.annotation-api-1.3.1.jar
Downloaded from nykredit: https://maven.tools.nykredit.it/net/bytebuddy/byte-buddy/1.9.3/byte-buddy-1.9.3.jar (3.2 MB at 2.9 MB/s)
Downloading from nykredit: https://maven.tools.nykredit.it/org/apache/commons/commons-compress/1.18/commons-compress-1.18.jar
Downloaded from nykredit: https://maven.tools.nykredit.it/org/hamcrest/hamcrest-core/1.3/hamcrest-core-1.3.jar (45 kB at 39 kB/s)
Downloading from nykredit: https://maven.tools.nykredit.it/javax/xml/bind/jaxb-api/2.3.0/jaxb-api-2.3.0.jar
Downloaded from nykredit: https://maven.tools.nykredit.it/org/jetbrains/annotations/15.0/annotations-15.0.jar (19 kB at 16 kB/s)
Downloading from nykredit: https://maven.tools.nykredit.it/org/rnorth/duct-tape/duct-tape/1.0.7/duct-tape-1.0.7.jar
Downloaded from nykredit: https://maven.tools.nykredit.it/javax/annotation/javax.annotation-api/1.3.1/javax.annotation-api-1.3.1.jar (27 kB at 21 kB/s)
Downloading from nykredit: https://maven.tools.nykredit.it/org/rnorth/visible-assertions/visible-assertions/2.1.1/visible-assertions-2.1.1.jar
Downloaded from nykredit: https://maven.tools.nykredit.it/org/rnorth/duct-tape/duct-tape/1.0.7/duct-tape-1.0.7.jar (25 kB at 19 kB/s)
Downloading from nykredit: https://maven.tools.nykredit.it/net/java/dev/jna/jna/4.5.1/jna-4.5.1.jar
Downloaded from nykredit: https://maven.tools.nykredit.it/javax/xml/bind/jaxb-api/2.3.0/jaxb-api-2.3.0.jar (126 kB at 92 kB/s)
Downloading from nykredit: https://maven.tools.nykredit.it/org/rnorth/tcp-unix-socket-proxy/1.0.2/tcp-unix-socket-proxy-1.0.2.jar
Downloaded from nykredit: https://maven.tools.nykredit.it/org/apache/commons/commons-compress/1.18/commons-compress-1.18.jar (592 kB at 423 kB/s)
Downloading from nykredit: https://maven.tools.nykredit.it/com/kohlschutter/junixsocket/junixsocket-native-common/2.0.4/junixsocket-native-common-2.0.4.jar
Downloaded from nykredit: https://maven.tools.nykredit.it/org/rnorth/visible-assertions/visible-assertions/2.1.1/visible-assertions-2.1.1.jar (12 kB at 8.0 kB/s)
Downloading from nykredit: https://maven.tools.nykredit.it/org/scijava/native-lib-loader/2.0.2/native-lib-loader-2.0.2.jar
Downloaded from nykredit: https://maven.tools.nykredit.it/org/rnorth/tcp-unix-socket-proxy/1.0.2/tcp-unix-socket-proxy-1.0.2.jar (7.2 kB at 4.6 kB/s)
Downloading from nykredit: https://maven.tools.nykredit.it/com/kohlschutter/junixsocket/junixsocket-common/2.0.4/junixsocket-common-2.0.4.jar
Downloaded from nykredit: https://maven.tools.nykredit.it/com/kohlschutter/junixsocket/junixsocket-native-common/2.0.4/junixsocket-native-common-2.0.4.jar (28 kB at 17 kB/s)
Downloading from nykredit: https://maven.tools.nykredit.it/net/java/dev/jna/jna-platform/4.5.1/jna-platform-4.5.1.jar
Downloaded from nykredit: https://maven.tools.nykredit.it/org/scijava/native-lib-loader/2.0.2/native-lib-loader-2.0.2.jar (17 kB at 10 kB/s)
Downloading from nykredit: https://maven.tools.nykredit.it/org/glassfish/javax.json/1.1.2/javax.json-1.1.2.jar
Downloaded from nykredit: https://maven.tools.nykredit.it/net/java/dev/jna/jna/4.5.1/jna-4.5.1.jar (1.4 MB at 839 kB/s)
Downloading from nykredit: https://maven.tools.nykredit.it/javax/json/javax.json-api/1.1.2/javax.json-api-1.1.2.jar
Downloaded from nykredit: https://maven.tools.nykredit.it/com/kohlschutter/junixsocket/junixsocket-common/2.0.4/junixsocket-common-2.0.4.jar (18 kB at 10 kB/s)
Downloading from nykredit: https://maven.tools.nykredit.it/org/glassfish/jersey/core/jersey-client/2.26/jersey-client-2.26.jar
Downloaded from nykredit: https://maven.tools.nykredit.it/org/glassfish/javax.json/1.1.2/javax.json-1.1.2.jar (101 kB at 54 kB/s)
Downloading from nykredit: https://maven.tools.nykredit.it/javax/ws/rs/javax.ws.rs-api/2.1/javax.ws.rs-api-2.1.jar
Downloaded from nykredit: https://maven.tools.nykredit.it/javax/json/javax.json-api/1.1.2/javax.json-api-1.1.2.jar (31 kB at 16 kB/s)
Downloading from nykredit: https://maven.tools.nykredit.it/org/glassfish/jersey/core/jersey-common/2.26/jersey-common-2.26.jar
Downloaded from nykredit: https://maven.tools.nykredit.it/org/glassfish/jersey/core/jersey-client/2.26/jersey-client-2.26.jar (181 kB at 90 kB/s)
Downloading from nykredit: https://maven.tools.nykredit.it/org/glassfish/hk2/osgi-resource-locator/1.0.1/osgi-resource-locator-1.0.1.jar
Downloaded from nykredit: https://maven.tools.nykredit.it/net/java/dev/jna/jna-platform/4.5.1/jna-platform-4.5.1.jar (2.3 MB at 1.1 MB/s)
Downloading from nykredit: https://maven.tools.nykredit.it/org/glassfish/hk2/external/javax.inject/2.5.0-b42/javax.inject-2.5.0-b42.jar
Downloaded from nykredit: https://maven.tools.nykredit.it/javax/ws/rs/javax.ws.rs-api/2.1/javax.ws.rs-api-2.1.jar (128 kB at 60 kB/s)
Downloading from nykredit: https://maven.tools.nykredit.it/org/glassfish/jersey/inject/jersey-hk2/2.26/jersey-hk2-2.26.jar
Downloaded from nykredit: https://maven.tools.nykredit.it/org/glassfish/hk2/osgi-resource-locator/1.0.1/osgi-resource-locator-1.0.1.jar (20 kB at 9.1 kB/s)
Downloading from nykredit: https://maven.tools.nykredit.it/org/glassfish/hk2/hk2-locator/2.5.0-b42/hk2-locator-2.5.0-b42.jar
Downloaded from nykredit: https://maven.tools.nykredit.it/org/glassfish/hk2/external/javax.inject/2.5.0-b42/javax.inject-2.5.0-b42.jar (6.0 kB at 2.6 kB/s)
Downloading from nykredit: https://maven.tools.nykredit.it/org/glassfish/hk2/external/aopalliance-repackaged/2.5.0-b42/aopalliance-repackaged-2.5.0-b42.jar
Downloaded from nykredit: https://maven.tools.nykredit.it/org/glassfish/jersey/core/jersey-common/2.26/jersey-common-2.26.jar (1.1 MB at 496 kB/s)
Downloading from nykredit: https://maven.tools.nykredit.it/org/glassfish/hk2/hk2-api/2.5.0-b42/hk2-api-2.5.0-b42.jar
Downloaded from nykredit: https://maven.tools.nykredit.it/org/glassfish/jersey/inject/jersey-hk2/2.26/jersey-hk2-2.26.jar (62 kB at 27 kB/s)
Downloading from nykredit: https://maven.tools.nykredit.it/javax/inject/javax.inject/1/javax.inject-1.jar
Downloaded from nykredit: https://maven.tools.nykredit.it/org/glassfish/hk2/hk2-locator/2.5.0-b42/hk2-locator-2.5.0-b42.jar (189 kB at 77 kB/s)
Downloaded from nykredit: https://maven.tools.nykredit.it/org/glassfish/hk2/external/aopalliance-repackaged/2.5.0-b42/aopalliance-repackaged-2.5.0-b42.jar (15 kB at 6.0 kB/s)
Downloading from nykredit: https://maven.tools.nykredit.it/org/glassfish/hk2/hk2-utils/2.5.0-b42/hk2-utils-2.5.0-b42.jar
Downloading from nykredit: https://maven.tools.nykredit.it/org/javassist/javassist/3.22.0-CR2/javassist-3.22.0-CR2.jar
Downloaded from nykredit: https://maven.tools.nykredit.it/org/glassfish/hk2/hk2-api/2.5.0-b42/hk2-api-2.5.0-b42.jar (187 kB at 75 kB/s)
Downloading from nykredit: https://maven.tools.nykredit.it/org/glassfish/jersey/media/jersey-media-json-jackson/2.26/jersey-media-json-jackson-2.26.jar
Downloaded from nykredit: https://maven.tools.nykredit.it/javax/inject/javax.inject/1/javax.inject-1.jar (2.5 kB at 985 B/s)
Downloading from nykredit: https://maven.tools.nykredit.it/org/glassfish/jersey/ext/jersey-entity-filtering/2.26/jersey-entity-filtering-2.26.jar
Downloaded from nykredit: https://maven.tools.nykredit.it/org/glassfish/hk2/hk2-utils/2.5.0-b42/hk2-utils-2.5.0-b42.jar (135 kB at 50 kB/s)
Downloading from nykredit: https://maven.tools.nykredit.it/com/fasterxml/jackson/core/jackson-annotations/2.8.4/jackson-annotations-2.8.4.jar
Downloaded from nykredit: https://maven.tools.nykredit.it/org/glassfish/jersey/media/jersey-media-json-jackson/2.26/jersey-media-json-jackson-2.26.jar (61 kB at 22 kB/s)
Downloading from nykredit: https://maven.tools.nykredit.it/com/fasterxml/jackson/core/jackson-databind/2.8.4/jackson-databind-2.8.4.jar
Downloaded from nykredit: https://maven.tools.nykredit.it/org/glassfish/jersey/ext/jersey-entity-filtering/2.26/jersey-entity-filtering-2.26.jar (70 kB at 25 kB/s)
Downloading from nykredit: https://maven.tools.nykredit.it/com/fasterxml/jackson/core/jackson-core/2.8.4/jackson-core-2.8.4.jar
Downloaded from nykredit: https://maven.tools.nykredit.it/org/javassist/javassist/3.22.0-CR2/javassist-3.22.0-CR2.jar (738 kB at 266 kB/s)
Downloading from nykredit: https://maven.tools.nykredit.it/com/fasterxml/jackson/module/jackson-module-jaxb-annotations/2.8.4/jackson-module-jaxb-annotations-2.8.4.jar
Downloaded from nykredit: https://maven.tools.nykredit.it/org/testcontainers/testcontainers/1.10.3/testcontainers-1.10.3.jar (17 MB at 6.0 MB/s)
Downloading from nykredit: https://maven.tools.nykredit.it/org/slf4j/slf4j-jdk14/1.7.25/slf4j-jdk14-1.7.25.jar
Downloaded from nykredit: https://maven.tools.nykredit.it/com/fasterxml/jackson/core/jackson-annotations/2.8.4/jackson-annotations-2.8.4.jar (56 kB at 19 kB/s)
Downloading from nykredit: https://maven.tools.nykredit.it/org/slf4j/slf4j-api/1.7.25/slf4j-api-1.7.25.jar
Downloaded from nykredit: https://maven.tools.nykredit.it/com/fasterxml/jackson/module/jackson-module-jaxb-annotations/2.8.4/jackson-module-jaxb-annotations-2.8.4.jar (35 kB at 12 kB/s)
Downloaded from nykredit: https://maven.tools.nykredit.it/com/fasterxml/jackson/core/jackson-core/2.8.4/jackson-core-2.8.4.jar (281 kB at 94 kB/s)
Downloaded from nykredit: https://maven.tools.nykredit.it/org/slf4j/slf4j-jdk14/1.7.25/slf4j-jdk14-1.7.25.jar (8.5 kB at 2.8 kB/s)
Downloaded from nykredit: https://maven.tools.nykredit.it/com/fasterxml/jackson/core/jackson-databind/2.8.4/jackson-databind-2.8.4.jar (1.2 MB at 404 kB/s)
Downloaded from nykredit: https://maven.tools.nykredit.it/org/slf4j/slf4j-api/1.7.25/slf4j-api-1.7.25.jar (41 kB at 13 kB/s)
2023-04-03T11:01:18.487Z [INFO]
2023-04-03T11:01:18.488Z [INFO] --- maven-clean-plugin:2.5:clean (default-clean) @ bank ---
Downloading from nykredit: https://maven.tools.nykredit.it/org/apache/maven/maven-plugin-api/2.0.6/maven-plugin-api-2.0.6.pom
Downloaded from nykredit: https://maven.tools.nykredit.it/org/apache/maven/maven-plugin-api/2.0.6/maven-plugin-api-2.0.6.pom (1.5 kB at 5.3 kB/s)
Downloading from nykredit: https://maven.tools.nykredit.it/org/apache/maven/maven/2.0.6/maven-2.0.6.pom
Downloaded from nykredit: https://maven.tools.nykredit.it/org/apache/maven/maven/2.0.6/maven-2.0.6.pom (9.0 kB at 31 kB/s)
Downloading from nykredit: https://maven.tools.nykredit.it/org/apache/maven/maven-parent/5/maven-parent-5.pom
Downloaded from nykredit: https://maven.tools.nykredit.it/org/apache/maven/maven-parent/5/maven-parent-5.pom (15 kB at 55 kB/s)
Downloading from nykredit: https://maven.tools.nykredit.it/org/apache/apache/3/apache-3.pom
Downloaded from nykredit: https://maven.tools.nykredit.it/org/apache/apache/3/apache-3.pom (3.4 kB at 11 kB/s)
Downloading from nykredit: https://maven.tools.nykredit.it/org/codehaus/plexus/plexus-utils/3.0/plexus-utils-3.0.pom
Downloaded from nykredit: https://maven.tools.nykredit.it/org/codehaus/plexus/plexus-utils/3.0/plexus-utils-3.0.pom (4.1 kB at 14 kB/s)
Downloading from nykredit: https://maven.tools.nykredit.it/org/sonatype/spice/spice-parent/16/spice-parent-16.pom
Downloaded from nykredit: https://maven.tools.nykredit.it/org/sonatype/spice/spice-parent/16/spice-parent-16.pom (8.4 kB at 30 kB/s)
Downloading from nykredit: https://maven.tools.nykredit.it/org/sonatype/forge/forge-parent/5/forge-parent-5.pom
Downloaded from nykredit: https://maven.tools.nykredit.it/org/sonatype/forge/forge-parent/5/forge-parent-5.pom (8.4 kB at 26 kB/s)
Downloading from nykredit: https://maven.tools.nykredit.it/org/apache/maven/maven-plugin-api/2.0.6/maven-plugin-api-2.0.6.jar
Downloading from nykredit: https://maven.tools.nykredit.it/org/codehaus/plexus/plexus-utils/3.0/plexus-utils-3.0.jar
Downloaded from nykredit: https://maven.tools.nykredit.it/org/apache/maven/maven-plugin-api/2.0.6/maven-plugin-api-2.0.6.jar (13 kB at 46 kB/s)
Downloaded from nykredit: https://maven.tools.nykredit.it/org/codehaus/plexus/plexus-utils/3.0/plexus-utils-3.0.jar (226 kB at 675 kB/s)
2023-04-03T11:01:20.950Z [INFO] Deleting /home/morten/projects/nykredit/nexus-test/target
2023-04-03T11:01:20.955Z [INFO]
2023-04-03T11:01:20.955Z [INFO] --- maven-resources-plugin:2.6:resources (default-resources) @ bank ---
Downloading from nykredit: https://maven.tools.nykredit.it/org/apache/maven/maven-project/2.0.6/maven-project-2.0.6.pom
Downloaded from nykredit: https://maven.tools.nykredit.it/org/apache/maven/maven-project/2.0.6/maven-project-2.0.6.pom (2.6 kB at 9.0 kB/s)
Downloading from nykredit: https://maven.tools.nykredit.it/org/apache/maven/maven-settings/2.0.6/maven-settings-2.0.6.pom
Downloaded from nykredit: https://maven.tools.nykredit.it/org/apache/maven/maven-settings/2.0.6/maven-settings-2.0.6.pom (2.0 kB at 6.7 kB/s)
Downloading from nykredit: https://maven.tools.nykredit.it/org/apache/maven/maven-model/2.0.6/maven-model-2.0.6.pom
Downloaded from nykredit: https://maven.tools.nykredit.it/org/apache/maven/maven-model/2.0.6/maven-model-2.0.6.pom (3.0 kB at 9.7 kB/s)
Downloading from nykredit: https://maven.tools.nykredit.it/org/codehaus/plexus/plexus-utils/1.4.1/plexus-utils-1.4.1.pom
Downloaded from nykredit: https://maven.tools.nykredit.it/org/codehaus/plexus/plexus-utils/1.4.1/plexus-utils-1.4.1.pom (1.9 kB at 6.6 kB/s)
Downloading from nykredit: https://maven.tools.nykredit.it/org/codehaus/plexus/plexus/1.0.11/plexus-1.0.11.pom
Downloaded from nykredit: https://maven.tools.nykredit.it/org/codehaus/plexus/plexus/1.0.11/plexus-1.0.11.pom (9.0 kB at 31 kB/s)
Downloading from nykredit: https://maven.tools.nykredit.it/org/codehaus/plexus/plexus-container-default/1.0-alpha-9-stable-1/plexus-container-default-1.0-alpha-9-stable-1.pom
Downloaded from nykredit: https://maven.tools.nykredit.it/org/codehaus/plexus/plexus-container-default/1.0-alpha-9-stable-1/plexus-container-default-1.0-alpha-9-stable-1.pom (3.9 kB at 14 kB/s)
Downloading from nykredit: https://maven.tools.nykredit.it/org/codehaus/plexus/plexus-containers/1.0.3/plexus-containers-1.0.3.pom
Downloaded from nykredit: https://maven.tools.nykredit.it/org/codehaus/plexus/plexus-containers/1.0.3/plexus-containers-1.0.3.pom (492 B at 1.7 kB/s)
Downloading from nykredit: https://maven.tools.nykredit.it/org/codehaus/plexus/plexus/1.0.4/plexus-1.0.4.pom
Downloaded from nykredit: https://maven.tools.nykredit.it/org/codehaus/plexus/plexus/1.0.4/plexus-1.0.4.pom (5.7 kB at 20 kB/s)
Downloading from nykredit: https://maven.tools.nykredit.it/junit/junit/3.8.1/junit-3.8.1.pom
Downloaded from nykredit: https://maven.tools.nykredit.it/junit/junit/3.8.1/junit-3.8.1.pom (998 B at 3.5 kB/s)
Downloading from nykredit: https://maven.tools.nykredit.it/org/codehaus/plexus/plexus-utils/1.0.4/plexus-utils-1.0.4.pom
Downloaded from nykredit: https://maven.tools.nykredit.it/org/codehaus/plexus/plexus-utils/1.0.4/plexus-utils-1.0.4.pom (6.9 kB at 24 kB/s)
Downloading from nykredit: https://maven.tools.nykredit.it/classworlds/classworlds/1.1-alpha-2/classworlds-1.1-alpha-2.pom
Downloaded from nykredit: https://maven.tools.nykredit.it/classworlds/classworlds/1.1-alpha-2/classworlds-1.1-alpha-2.pom (3.1 kB at 11 kB/s)
Downloading from nykredit: https://maven.tools.nykredit.it/org/apache/maven/maven-profile/2.0.6/maven-profile-2.0.6.pom
Downloaded from nykredit: https://maven.tools.nykredit.it/org/apache/maven/maven-profile/2.0.6/maven-profile-2.0.6.pom (2.0 kB at 6.8 kB/s)
Downloading from nykredit: https://maven.tools.nykredit.it/org/apache/maven/maven-artifact-manager/2.0.6/maven-artifact-manager-2.0.6.pom
Downloaded from nykredit: https://maven.tools.nykredit.it/org/apache/maven/maven-artifact-manager/2.0.6/maven-artifact-manager-2.0.6.pom (2.6 kB at 9.4 kB/s)
Downloading from nykredit: https://maven.tools.nykredit.it/org/apache/maven/maven-repository-metadata/2.0.6/maven-repository-metadata-2.0.6.pom
Downloaded from nykredit: https://maven.tools.nykredit.it/org/apache/maven/maven-repository-metadata/2.0.6/maven-repository-metadata-2.0.6.pom (1.9 kB at 6.7 kB/s)
Downloading from nykredit: https://maven.tools.nykredit.it/org/apache/maven/maven-artifact/2.0.6/maven-artifact-2.0.6.pom
Downloaded from nykredit: https://maven.tools.nykredit.it/org/apache/maven/maven-artifact/2.0.6/maven-artifact-2.0.6.pom (1.6 kB at 5.6 kB/s)
Downloading from nykredit: https://maven.tools.nykredit.it/org/apache/maven/maven-plugin-registry/2.0.6/maven-plugin-registry-2.0.6.pom
Downloaded from nykredit: https://maven.tools.nykredit.it/org/apache/maven/maven-plugin-registry/2.0.6/maven-plugin-registry-2.0.6.pom (1.9 kB at 6.7 kB/s)
Downloading from nykredit: https://maven.tools.nykredit.it/org/apache/maven/maven-core/2.0.6/maven-core-2.0.6.pom
Downloaded from nykredit: https://maven.tools.nykredit.it/org/apache/maven/maven-core/2.0.6/maven-core-2.0.6.pom (6.7 kB at 24 kB/s)
Downloading from nykredit: https://maven.tools.nykredit.it/org/apache/maven/maven-plugin-parameter-documenter/2.0.6/maven-plugin-parameter-documenter-2.0.6.pom
Downloaded from nykredit: https://maven.tools.nykredit.it/org/apache/maven/maven-plugin-parameter-documenter/2.0.6/maven-plugin-parameter-documenter-2.0.6.pom (1.9 kB at 6.6 kB/s)
Downloading from nykredit: https://maven.tools.nykredit.it/org/apache/maven/reporting/maven-reporting-api/2.0.6/maven-reporting-api-2.0.6.pom
Downloaded from nykredit: https://maven.tools.nykredit.it/org/apache/maven/reporting/maven-reporting-api/2.0.6/maven-reporting-api-2.0.6.pom (1.8 kB at 6.0 kB/s)
Downloading from nykredit: https://maven.tools.nykredit.it/org/apache/maven/reporting/maven-reporting/2.0.6/maven-reporting-2.0.6.pom
Downloaded from nykredit: https://maven.tools.nykredit.it/org/apache/maven/reporting/maven-reporting/2.0.6/maven-reporting-2.0.6.pom (1.4 kB at 5.2 kB/s)
Downloading from nykredit: https://maven.tools.nykredit.it/org/apache/maven/doxia/doxia-sink-api/1.0-alpha-7/doxia-sink-api-1.0-alpha-7.pom
Downloaded from nykredit: https://maven.tools.nykredit.it/org/apache/maven/doxia/doxia-sink-api/1.0-alpha-7/doxia-sink-api-1.0-alpha-7.pom (424 B at 1.5 kB/s)
Downloading from nykredit: https://maven.tools.nykredit.it/org/apache/maven/doxia/doxia/1.0-alpha-7/doxia-1.0-alpha-7.pom
Downloaded from nykredit: https://maven.tools.nykredit.it/org/apache/maven/doxia/doxia/1.0-alpha-7/doxia-1.0-alpha-7.pom (3.9 kB at 14 kB/s)
Downloading from nykredit: https://maven.tools.nykredit.it/org/apache/maven/maven-error-diagnostics/2.0.6/maven-error-diagnostics-2.0.6.pom
Downloaded from nykredit: https://maven.tools.nykredit.it/org/apache/maven/maven-error-diagnostics/2.0.6/maven-error-diagnostics-2.0.6.pom (1.7 kB at 5.9 kB/s)
Downloading from nykredit: https://maven.tools.nykredit.it/commons-cli/commons-cli/1.0/commons-cli-1.0.pom
Downloaded from nykredit: https://maven.tools.nykredit.it/commons-cli/commons-cli/1.0/commons-cli-1.0.pom (2.1 kB at 7.4 kB/s)
Downloading from nykredit: https://maven.tools.nykredit.it/org/apache/maven/maven-plugin-descriptor/2.0.6/maven-plugin-descriptor-2.0.6.pom
Downloaded from nykredit: https://maven.tools.nykredit.it/org/apache/maven/maven-plugin-descriptor/2.0.6/maven-plugin-descriptor-2.0.6.pom (2.0 kB at 7.4 kB/s)
Downloading from nykredit: https://maven.tools.nykredit.it/org/codehaus/plexus/plexus-interactivity-api/1.0-alpha-4/plexus-interactivity-api-1.0-alpha-4.pom
Downloaded from nykredit: https://maven.tools.nykredit.it/org/codehaus/plexus/plexus-interactivity-api/1.0-alpha-4/plexus-interactivity-api-1.0-alpha-4.pom (7.1 kB at 27 kB/s)
Downloading from nykredit: https://maven.tools.nykredit.it/org/apache/maven/maven-monitor/2.0.6/maven-monitor-2.0.6.pom
Downloaded from nykredit: https://maven.tools.nykredit.it/org/apache/maven/maven-monitor/2.0.6/maven-monitor-2.0.6.pom (1.3 kB at 4.3 kB/s)
Downloading from nykredit: https://maven.tools.nykredit.it/classworlds/classworlds/1.1/classworlds-1.1.pom
Downloaded from nykredit: https://maven.tools.nykredit.it/classworlds/classworlds/1.1/classworlds-1.1.pom (3.3 kB at 10 kB/s)
Downloading from nykredit: https://maven.tools.nykredit.it/org/codehaus/plexus/plexus-utils/2.0.5/plexus-utils-2.0.5.pom
Downloaded from nykredit: https://maven.tools.nykredit.it/org/codehaus/plexus/plexus-utils/2.0.5/plexus-utils-2.0.5.pom (3.3 kB at 12 kB/s)
Downloading from nykredit: https://maven.tools.nykredit.it/org/codehaus/plexus/plexus/2.0.6/plexus-2.0.6.pom
Downloaded from nykredit: https://maven.tools.nykredit.it/org/codehaus/plexus/plexus/2.0.6/plexus-2.0.6.pom (17 kB at 58 kB/s)
Downloading from nykredit: https://maven.tools.nykredit.it/org/apache/maven/shared/maven-filtering/1.1/maven-filtering-1.1.pom
Downloaded from nykredit: https://maven.tools.nykredit.it/org/apache/maven/shared/maven-filtering/1.1/maven-filtering-1.1.pom (5.8 kB at 20 kB/s)
Downloading from nykredit: https://maven.tools.nykredit.it/org/apache/maven/shared/maven-shared-components/17/maven-shared-components-17.pom
Downloaded from nykredit: https://maven.tools.nykredit.it/org/apache/maven/shared/maven-shared-components/17/maven-shared-components-17.pom (8.7 kB at 30 kB/s)
Downloading from nykredit: https://maven.tools.nykredit.it/org/codehaus/plexus/plexus-utils/1.5.15/plexus-utils-1.5.15.pom
Downloaded from nykredit: https://maven.tools.nykredit.it/org/codehaus/plexus/plexus-utils/1.5.15/plexus-utils-1.5.15.pom (6.8 kB at 25 kB/s)
Downloading from nykredit: https://maven.tools.nykredit.it/org/codehaus/plexus/plexus/2.0.2/plexus-2.0.2.pom
Downloaded from nykredit: https://maven.tools.nykredit.it/org/codehaus/plexus/plexus/2.0.2/plexus-2.0.2.pom (12 kB at 42 kB/s)
Downloading from nykredit: https://maven.tools.nykredit.it/org/codehaus/plexus/plexus-interpolation/1.12/plexus-interpolation-1.12.pom
Downloaded from nykredit: https://maven.tools.nykredit.it/org/codehaus/plexus/plexus-interpolation/1.12/plexus-interpolation-1.12.pom (889 B at 3.0 kB/s)
Downloading from nykredit: https://maven.tools.nykredit.it/org/codehaus/plexus/plexus-components/1.1.14/plexus-components-1.1.14.pom
Downloaded from nykredit: https://maven.tools.nykredit.it/org/codehaus/plexus/plexus-components/1.1.14/plexus-components-1.1.14.pom (5.8 kB at 21 kB/s)
Downloading from nykredit: https://maven.tools.nykredit.it/org/sonatype/plexus/plexus-build-api/0.0.4/plexus-build-api-0.0.4.pom
Downloaded from nykredit: https://maven.tools.nykredit.it/org/sonatype/plexus/plexus-build-api/0.0.4/plexus-build-api-0.0.4.pom (2.9 kB at 10 kB/s)
Downloading from nykredit: https://maven.tools.nykredit.it/org/sonatype/spice/spice-parent/10/spice-parent-10.pom
Downloaded from nykredit: https://maven.tools.nykredit.it/org/sonatype/spice/spice-parent/10/spice-parent-10.pom (3.0 kB at 11 kB/s)
Downloading from nykredit: https://maven.tools.nykredit.it/org/sonatype/forge/forge-parent/3/forge-parent-3.pom
Downloaded from nykredit: https://maven.tools.nykredit.it/org/sonatype/forge/forge-parent/3/forge-parent-3.pom (5.0 kB at 17 kB/s)
Downloading from nykredit: https://maven.tools.nykredit.it/org/codehaus/plexus/plexus-utils/1.5.8/plexus-utils-1.5.8.pom
Downloaded from nykredit: https://maven.tools.nykredit.it/org/codehaus/plexus/plexus-utils/1.5.8/plexus-utils-1.5.8.pom (8.1 kB at 28 kB/s)
Downloading from nykredit: https://maven.tools.nykredit.it/org/codehaus/plexus/plexus-interpolation/1.13/plexus-interpolation-1.13.pom
Downloaded from nykredit: https://maven.tools.nykredit.it/org/codehaus/plexus/plexus-interpolation/1.13/plexus-interpolation-1.13.pom (890 B at 3.2 kB/s)
Downloading from nykredit: https://maven.tools.nykredit.it/org/codehaus/plexus/plexus-components/1.1.15/plexus-components-1.1.15.pom
Downloaded from nykredit: https://maven.tools.nykredit.it/org/codehaus/plexus/plexus-components/1.1.15/plexus-components-1.1.15.pom (2.8 kB at 9.9 kB/s)
Downloading from nykredit: https://maven.tools.nykredit.it/org/codehaus/plexus/plexus/2.0.3/plexus-2.0.3.pom
Downloaded from nykredit: https://maven.tools.nykredit.it/org/codehaus/plexus/plexus/2.0.3/plexus-2.0.3.pom (15 kB at 55 kB/s)
Downloading from nykredit: https://maven.tools.nykredit.it/org/apache/maven/maven-project/2.0.6/maven-project-2.0.6.jar
Downloading from nykredit: https://maven.tools.nykredit.it/org/apache/maven/maven-profile/2.0.6/maven-profile-2.0.6.jar
Downloading from nykredit: https://maven.tools.nykredit.it/org/apache/maven/maven-artifact-manager/2.0.6/maven-artifact-manager-2.0.6.jar
Downloading from nykredit: https://maven.tools.nykredit.it/org/apache/maven/maven-plugin-registry/2.0.6/maven-plugin-registry-2.0.6.jar
Downloading from nykredit: https://maven.tools.nykredit.it/org/apache/maven/maven-core/2.0.6/maven-core-2.0.6.jar
Downloaded from nykredit: https://maven.tools.nykredit.it/org/apache/maven/maven-profile/2.0.6/maven-profile-2.0.6.jar (35 kB at 118 kB/s)
Downloading from nykredit: https://maven.tools.nykredit.it/org/apache/maven/maven-plugin-parameter-documenter/2.0.6/maven-plugin-parameter-documenter-2.0.6.jar
Downloaded from nykredit: https://maven.tools.nykredit.it/org/apache/maven/maven-plugin-registry/2.0.6/maven-plugin-registry-2.0.6.jar (29 kB at 97 kB/s)
Downloading from nykredit: https://maven.tools.nykredit.it/org/apache/maven/reporting/maven-reporting-api/2.0.6/maven-reporting-api-2.0.6.jar
Downloaded from nykredit: https://maven.tools.nykredit.it/org/apache/maven/maven-artifact-manager/2.0.6/maven-artifact-manager-2.0.6.jar (57 kB at 181 kB/s)
Downloading from nykredit: https://maven.tools.nykredit.it/org/apache/maven/doxia/doxia-sink-api/1.0-alpha-7/doxia-sink-api-1.0-alpha-7.jar
Downloaded from nykredit: https://maven.tools.nykredit.it/org/apache/maven/maven-project/2.0.6/maven-project-2.0.6.jar (116 kB at 363 kB/s)
Downloading from nykredit: https://maven.tools.nykredit.it/org/apache/maven/maven-repository-metadata/2.0.6/maven-repository-metadata-2.0.6.jar
Downloaded from nykredit: https://maven.tools.nykredit.it/org/apache/maven/maven-core/2.0.6/maven-core-2.0.6.jar (152 kB at 475 kB/s)
Downloading from nykredit: https://maven.tools.nykredit.it/org/apache/maven/maven-error-diagnostics/2.0.6/maven-error-diagnostics-2.0.6.jar
Downloaded from nykredit: https://maven.tools.nykredit.it/org/apache/maven/reporting/maven-reporting-api/2.0.6/maven-reporting-api-2.0.6.jar (9.9 kB at 21 kB/s)
Downloading from nykredit: https://maven.tools.nykredit.it/commons-cli/commons-cli/1.0/commons-cli-1.0.jar
Downloaded from nykredit: https://maven.tools.nykredit.it/org/apache/maven/doxia/doxia-sink-api/1.0-alpha-7/doxia-sink-api-1.0-alpha-7.jar (5.9 kB at 12 kB/s)
Downloading from nykredit: https://maven.tools.nykredit.it/org/apache/maven/maven-plugin-descriptor/2.0.6/maven-plugin-descriptor-2.0.6.jar
Downloaded from nykredit: https://maven.tools.nykredit.it/org/apache/maven/maven-error-diagnostics/2.0.6/maven-error-diagnostics-2.0.6.jar (14 kB at 27 kB/s)
Downloaded from nykredit: https://maven.tools.nykredit.it/org/apache/maven/maven-plugin-parameter-documenter/2.0.6/maven-plugin-parameter-documenter-2.0.6.jar (21 kB at 42 kB/s)
Downloading from nykredit: https://maven.tools.nykredit.it/org/codehaus/plexus/plexus-interactivity-api/1.0-alpha-4/plexus-interactivity-api-1.0-alpha-4.jar
Downloading from nykredit: https://maven.tools.nykredit.it/classworlds/classworlds/1.1/classworlds-1.1.jar
Downloaded from nykredit: https://maven.tools.nykredit.it/org/apache/maven/maven-repository-metadata/2.0.6/maven-repository-metadata-2.0.6.jar (24 kB at 48 kB/s)
Downloading from nykredit: https://maven.tools.nykredit.it/org/apache/maven/maven-artifact/2.0.6/maven-artifact-2.0.6.jar
Downloaded from nykredit: https://maven.tools.nykredit.it/org/codehaus/plexus/plexus-interactivity-api/1.0-alpha-4/plexus-interactivity-api-1.0-alpha-4.jar (13 kB at 20 kB/s)
Downloading from nykredit: https://maven.tools.nykredit.it/org/apache/maven/maven-settings/2.0.6/maven-settings-2.0.6.jar
Downloaded from nykredit: https://maven.tools.nykredit.it/commons-cli/commons-cli/1.0/commons-cli-1.0.jar (30 kB at 44 kB/s)
Downloading from nykredit: https://maven.tools.nykredit.it/org/apache/maven/maven-model/2.0.6/maven-model-2.0.6.jar
Downloaded from nykredit: https://maven.tools.nykredit.it/org/apache/maven/maven-plugin-descriptor/2.0.6/maven-plugin-descriptor-2.0.6.jar (37 kB at 53 kB/s)
Downloading from nykredit: https://maven.tools.nykredit.it/org/apache/maven/maven-monitor/2.0.6/maven-monitor-2.0.6.jar
Downloaded from nykredit: https://maven.tools.nykredit.it/classworlds/classworlds/1.1/classworlds-1.1.jar (38 kB at 54 kB/s)
Downloading from nykredit: https://maven.tools.nykredit.it/org/codehaus/plexus/plexus-container-default/1.0-alpha-9-stable-1/plexus-container-default-1.0-alpha-9-stable-1.jar
Downloaded from nykredit: https://maven.tools.nykredit.it/org/apache/maven/maven-artifact/2.0.6/maven-artifact-2.0.6.jar (87 kB at 123 kB/s)
Downloading from nykredit: https://maven.tools.nykredit.it/junit/junit/3.8.1/junit-3.8.1.jar
Downloaded from nykredit: https://maven.tools.nykredit.it/org/apache/maven/maven-monitor/2.0.6/maven-monitor-2.0.6.jar (10 kB at 12 kB/s)
Downloading from nykredit: https://maven.tools.nykredit.it/org/codehaus/plexus/plexus-utils/2.0.5/plexus-utils-2.0.5.jar
Downloaded from nykredit: https://maven.tools.nykredit.it/org/apache/maven/maven-settings/2.0.6/maven-settings-2.0.6.jar (49 kB at 56 kB/s)
Downloading from nykredit: https://maven.tools.nykredit.it/org/apache/maven/shared/maven-filtering/1.1/maven-filtering-1.1.jar
Downloaded from nykredit: https://maven.tools.nykredit.it/org/apache/maven/maven-model/2.0.6/maven-model-2.0.6.jar (86 kB at 97 kB/s)
Downloading from nykredit: https://maven.tools.nykredit.it/org/sonatype/plexus/plexus-build-api/0.0.4/plexus-build-api-0.0.4.jar
Downloaded from nykredit: https://maven.tools.nykredit.it/junit/junit/3.8.1/junit-3.8.1.jar (121 kB at 132 kB/s)
Downloaded from nykredit: https://maven.tools.nykredit.it/org/codehaus/plexus/plexus-container-default/1.0-alpha-9-stable-1/plexus-container-default-1.0-alpha-9-stable-1.jar (194 kB at 212 kB/s)
Downloading from nykredit: https://maven.tools.nykredit.it/org/codehaus/plexus/plexus-interpolation/1.13/plexus-interpolation-1.13.jar
Downloaded from nykredit: https://maven.tools.nykredit.it/org/sonatype/plexus/plexus-build-api/0.0.4/plexus-build-api-0.0.4.jar (6.8 kB at 6.4 kB/s)
Downloaded from nykredit: https://maven.tools.nykredit.it/org/apache/maven/shared/maven-filtering/1.1/maven-filtering-1.1.jar (43 kB at 40 kB/s)
Downloaded from nykredit: https://maven.tools.nykredit.it/org/codehaus/plexus/plexus-utils/2.0.5/plexus-utils-2.0.5.jar (223 kB at 201 kB/s)
Downloaded from nykredit: https://maven.tools.nykredit.it/org/codehaus/plexus/plexus-interpolation/1.13/plexus-interpolation-1.13.jar (61 kB at 55 kB/s)
2023-04-03T11:01:34.687Z [INFO] Using 'UTF-8' encoding to copy filtered resources.
2023-04-03T11:01:34.690Z [INFO] Copying 2 resources
2023-04-03T11:01:34.695Z [INFO]
2023-04-03T11:01:34.695Z [INFO] --- maven-compiler-plugin:3.1:compile (default-compile) @ bank ---
Downloading from nykredit: https://maven.tools.nykredit.it/org/apache/maven/maven-plugin-api/2.0.9/maven-plugin-api-2.0.9.pom
Downloaded from nykredit: https://maven.tools.nykredit.it/org/apache/maven/maven-plugin-api/2.0.9/maven-plugin-api-2.0.9.pom (1.5 kB at 5.9 kB/s)
Downloading from nykredit: https://maven.tools.nykredit.it/org/apache/maven/maven/2.0.9/maven-2.0.9.pom
Downloaded from nykredit: https://maven.tools.nykredit.it/org/apache/maven/maven/2.0.9/maven-2.0.9.pom (19 kB at 74 kB/s)
Downloading from nykredit: https://maven.tools.nykredit.it/org/apache/maven/maven-parent/8/maven-parent-8.pom
Downloaded from nykredit: https://maven.tools.nykredit.it/org/apache/maven/maven-parent/8/maven-parent-8.pom (24 kB at 83 kB/s)
Downloading from nykredit: https://maven.tools.nykredit.it/org/apache/apache/4/apache-4.pom
Downloaded from nykredit: https://maven.tools.nykredit.it/org/apache/apache/4/apache-4.pom (4.5 kB at 15 kB/s)
Downloading from nykredit: https://maven.tools.nykredit.it/org/apache/maven/maven-artifact/2.0.9/maven-artifact-2.0.9.pom
Downloaded from nykredit: https://maven.tools.nykredit.it/org/apache/maven/maven-artifact/2.0.9/maven-artifact-2.0.9.pom (1.6 kB at 5.8 kB/s)
Downloading from nykredit: https://maven.tools.nykredit.it/org/codehaus/plexus/plexus-utils/1.5.1/plexus-utils-1.5.1.pom
Downloaded from nykredit: https://maven.tools.nykredit.it/org/codehaus/plexus/plexus-utils/1.5.1/plexus-utils-1.5.1.pom (2.3 kB at 8.9 kB/s)
Downloading from nykredit: https://maven.tools.nykredit.it/org/apache/maven/maven-core/2.0.9/maven-core-2.0.9.pom
Downloaded from nykredit: https://maven.tools.nykredit.it/org/apache/maven/maven-core/2.0.9/maven-core-2.0.9.pom (7.8 kB at 28 kB/s)
Downloading from nykredit: https://maven.tools.nykredit.it/org/apache/maven/maven-settings/2.0.9/maven-settings-2.0.9.pom
Downloaded from nykredit: https://maven.tools.nykredit.it/org/apache/maven/maven-settings/2.0.9/maven-settings-2.0.9.pom (2.1 kB at 7.2 kB/s)
Downloading from nykredit: https://maven.tools.nykredit.it/org/apache/maven/maven-model/2.0.9/maven-model-2.0.9.pom
Downloaded from nykredit: https://maven.tools.nykredit.it/org/apache/maven/maven-model/2.0.9/maven-model-2.0.9.pom (3.1 kB at 12 kB/s)
Downloading from nykredit: https://maven.tools.nykredit.it/org/apache/maven/maven-plugin-parameter-documenter/2.0.9/maven-plugin-parameter-documenter-2.0.9.pom
Downloaded from nykredit: https://maven.tools.nykredit.it/org/apache/maven/maven-plugin-parameter-documenter/2.0.9/maven-plugin-parameter-documenter-2.0.9.pom (2.0 kB at 7.3 kB/s)
Downloading from nykredit: https://maven.tools.nykredit.it/org/apache/maven/maven-profile/2.0.9/maven-profile-2.0.9.pom
Downloaded from nykredit: https://maven.tools.nykredit.it/org/apache/maven/maven-profile/2.0.9/maven-profile-2.0.9.pom (2.0 kB at 131 B/s)
Downloading from nykredit: https://maven.tools.nykredit.it/org/apache/maven/maven-repository-metadata/2.0.9/maven-repository-metadata-2.0.9.pom
Downloaded from nykredit: https://maven.tools.nykredit.it/org/apache/maven/maven-repository-metadata/2.0.9/maven-repository-metadata-2.0.9.pom (1.9 kB at 6.6 kB/s)
Downloading from nykredit: https://maven.tools.nykredit.it/org/apache/maven/maven-error-diagnostics/2.0.9/maven-error-diagnostics-2.0.9.pom
Downloaded from nykredit: https://maven.tools.nykredit.it/org/apache/maven/maven-error-diagnostics/2.0.9/maven-error-diagnostics-2.0.9.pom (1.7 kB at 6.2 kB/s)
Downloading from nykredit: https://maven.tools.nykredit.it/org/apache/maven/maven-project/2.0.9/maven-project-2.0.9.pom
Downloaded from nykredit: https://maven.tools.nykredit.it/org/apache/maven/maven-project/2.0.9/maven-project-2.0.9.pom (2.7 kB at 9.7 kB/s)
Downloading from nykredit: https://maven.tools.nykredit.it/org/apache/maven/maven-artifact-manager/2.0.9/maven-artifact-manager-2.0.9.pom
Downloaded from nykredit: https://maven.tools.nykredit.it/org/apache/maven/maven-artifact-manager/2.0.9/maven-artifact-manager-2.0.9.pom (2.7 kB at 9.4 kB/s)
Downloading from nykredit: https://maven.tools.nykredit.it/org/apache/maven/maven-plugin-registry/2.0.9/maven-plugin-registry-2.0.9.pom
Downloaded from nykredit: https://maven.tools.nykredit.it/org/apache/maven/maven-plugin-registry/2.0.9/maven-plugin-registry-2.0.9.pom (2.0 kB at 7.2 kB/s)
Downloading from nykredit: https://maven.tools.nykredit.it/org/apache/maven/maven-plugin-descriptor/2.0.9/maven-plugin-descriptor-2.0.9.pom
Downloaded from nykredit: https://maven.tools.nykredit.it/org/apache/maven/maven-plugin-descriptor/2.0.9/maven-plugin-descriptor-2.0.9.pom (2.1 kB at 7.5 kB/s)
Downloading from nykredit: https://maven.tools.nykredit.it/org/apache/maven/maven-monitor/2.0.9/maven-monitor-2.0.9.pom
Downloaded from nykredit: https://maven.tools.nykredit.it/org/apache/maven/maven-monitor/2.0.9/maven-monitor-2.0.9.pom (1.3 kB at 4.6 kB/s)
Downloading from nykredit: https://maven.tools.nykredit.it/org/apache/maven/maven-toolchain/1.0/maven-toolchain-1.0.pom
Downloaded from nykredit: https://maven.tools.nykredit.it/org/apache/maven/maven-toolchain/1.0/maven-toolchain-1.0.pom (3.4 kB at 12 kB/s)
Downloading from nykredit: https://maven.tools.nykredit.it/org/apache/maven/shared/maven-shared-utils/0.1/maven-shared-utils-0.1.pom
Downloaded from nykredit: https://maven.tools.nykredit.it/org/apache/maven/shared/maven-shared-utils/0.1/maven-shared-utils-0.1.pom (4.0 kB at 15 kB/s)
Downloading from nykredit: https://maven.tools.nykredit.it/org/apache/maven/shared/maven-shared-components/18/maven-shared-components-18.pom
Downloaded from nykredit: https://maven.tools.nykredit.it/org/apache/maven/shared/maven-shared-components/18/maven-shared-components-18.pom (4.9 kB at 18 kB/s)
Downloading from nykredit: https://maven.tools.nykredit.it/com/google/code/findbugs/jsr305/2.0.1/jsr305-2.0.1.pom
Downloaded from nykredit: https://maven.tools.nykredit.it/com/google/code/findbugs/jsr305/2.0.1/jsr305-2.0.1.pom (965 B at 3.4 kB/s)
Downloading from nykredit: https://maven.tools.nykredit.it/org/apache/maven/shared/maven-shared-incremental/1.1/maven-shared-incremental-1.1.pom
Downloaded from nykredit: https://maven.tools.nykredit.it/org/apache/maven/shared/maven-shared-incremental/1.1/maven-shared-incremental-1.1.pom (4.7 kB at 16 kB/s)
Downloading from nykredit: https://maven.tools.nykredit.it/org/apache/maven/shared/maven-shared-components/19/maven-shared-components-19.pom
Downloaded from nykredit: https://maven.tools.nykredit.it/org/apache/maven/shared/maven-shared-components/19/maven-shared-components-19.pom (6.4 kB at 23 kB/s)
Downloading from nykredit: https://maven.tools.nykredit.it/org/apache/maven/maven-plugin-api/2.2.1/maven-plugin-api-2.2.1.pom
Downloaded from nykredit: https://maven.tools.nykredit.it/org/apache/maven/maven-plugin-api/2.2.1/maven-plugin-api-2.2.1.pom (1.5 kB at 5.2 kB/s)
Downloading from nykredit: https://maven.tools.nykredit.it/org/apache/maven/maven/2.2.1/maven-2.2.1.pom
Downloaded from nykredit: https://maven.tools.nykredit.it/org/apache/maven/maven/2.2.1/maven-2.2.1.pom (22 kB at 79 kB/s)
Downloading from nykredit: https://maven.tools.nykredit.it/org/apache/maven/maven-parent/11/maven-parent-11.pom
Downloaded from nykredit: https://maven.tools.nykredit.it/org/apache/maven/maven-parent/11/maven-parent-11.pom (32 kB at 116 kB/s)
Downloading from nykredit: https://maven.tools.nykredit.it/org/apache/apache/5/apache-5.pom
Downloaded from nykredit: https://maven.tools.nykredit.it/org/apache/apache/5/apache-5.pom (4.1 kB at 14 kB/s)
Downloading from nykredit: https://maven.tools.nykredit.it/org/apache/maven/maven-core/2.2.1/maven-core-2.2.1.pom
Downloaded from nykredit: https://maven.tools.nykredit.it/org/apache/maven/maven-core/2.2.1/maven-core-2.2.1.pom (12 kB at 40 kB/s)
Downloading from nykredit: https://maven.tools.nykredit.it/org/apache/maven/maven-settings/2.2.1/maven-settings-2.2.1.pom
Downloaded from nykredit: https://maven.tools.nykredit.it/org/apache/maven/maven-settings/2.2.1/maven-settings-2.2.1.pom (2.2 kB at 7.8 kB/s)
Downloading from nykredit: https://maven.tools.nykredit.it/org/apache/maven/maven-model/2.2.1/maven-model-2.2.1.pom
Downloaded from nykredit: https://maven.tools.nykredit.it/org/apache/maven/maven-model/2.2.1/maven-model-2.2.1.pom (3.2 kB at 11 kB/s)
Downloading from nykredit: https://maven.tools.nykredit.it/org/codehaus/plexus/plexus-interpolation/1.11/plexus-interpolation-1.11.pom
Downloaded from nykredit: https://maven.tools.nykredit.it/org/codehaus/plexus/plexus-interpolation/1.11/plexus-interpolation-1.11.pom (889 B at 3.2 kB/s)
Downloading from nykredit: https://maven.tools.nykredit.it/org/apache/maven/maven-plugin-parameter-documenter/2.2.1/maven-plugin-parameter-documenter-2.2.1.pom
Downloaded from nykredit: https://maven.tools.nykredit.it/org/apache/maven/maven-plugin-parameter-documenter/2.2.1/maven-plugin-parameter-documenter-2.2.1.pom (2.0 kB at 6.8 kB/s)
Downloading from nykredit: https://maven.tools.nykredit.it/org/slf4j/slf4j-jdk14/1.5.6/slf4j-jdk14-1.5.6.pom
Downloaded from nykredit: https://maven.tools.nykredit.it/org/slf4j/slf4j-jdk14/1.5.6/slf4j-jdk14-1.5.6.pom (1.9 kB at 6.6 kB/s)
Downloading from nykredit: https://maven.tools.nykredit.it/org/slf4j/slf4j-parent/1.5.6/slf4j-parent-1.5.6.pom
Downloaded from nykredit: https://maven.tools.nykredit.it/org/slf4j/slf4j-parent/1.5.6/slf4j-parent-1.5.6.pom (7.9 kB at 27 kB/s)
Downloading from nykredit: https://maven.tools.nykredit.it/org/slf4j/slf4j-api/1.5.6/slf4j-api-1.5.6.pom
Downloaded from nykredit: https://maven.tools.nykredit.it/org/slf4j/slf4j-api/1.5.6/slf4j-api-1.5.6.pom (3.0 kB at 11 kB/s)
Downloading from nykredit: https://maven.tools.nykredit.it/org/slf4j/jcl-over-slf4j/1.5.6/jcl-over-slf4j-1.5.6.pom
Downloaded from nykredit: https://maven.tools.nykredit.it/org/slf4j/jcl-over-slf4j/1.5.6/jcl-over-slf4j-1.5.6.pom (2.2 kB at 7.8 kB/s)
Downloading from nykredit: https://maven.tools.nykredit.it/org/apache/maven/maven-profile/2.2.1/maven-profile-2.2.1.pom
Downloaded from nykredit: https://maven.tools.nykredit.it/org/apache/maven/maven-profile/2.2.1/maven-profile-2.2.1.pom (2.2 kB at 6.8 kB/s)
Downloading from nykredit: https://maven.tools.nykredit.it/org/apache/maven/maven-artifact/2.2.1/maven-artifact-2.2.1.pom
Downloaded from nykredit: https://maven.tools.nykredit.it/org/apache/maven/maven-artifact/2.2.1/maven-artifact-2.2.1.pom (1.6 kB at 5.5 kB/s)
Downloading from nykredit: https://maven.tools.nykredit.it/org/apache/maven/maven-repository-metadata/2.2.1/maven-repository-metadata-2.2.1.pom
Downloaded from nykredit: https://maven.tools.nykredit.it/org/apache/maven/maven-repository-metadata/2.2.1/maven-repository-metadata-2.2.1.pom (1.9 kB at 6.6 kB/s)
Downloading from nykredit: https://maven.tools.nykredit.it/org/apache/maven/maven-error-diagnostics/2.2.1/maven-error-diagnostics-2.2.1.pom
Downloaded from nykredit: https://maven.tools.nykredit.it/org/apache/maven/maven-error-diagnostics/2.2.1/maven-error-diagnostics-2.2.1.pom (1.7 kB at 5.9 kB/s)
Downloading from nykredit: https://maven.tools.nykredit.it/org/apache/maven/maven-project/2.2.1/maven-project-2.2.1.pom
Downloaded from nykredit: https://maven.tools.nykredit.it/org/apache/maven/maven-project/2.2.1/maven-project-2.2.1.pom (2.8 kB at 9.9 kB/s)
Downloading from nykredit: https://maven.tools.nykredit.it/org/apache/maven/maven-artifact-manager/2.2.1/maven-artifact-manager-2.2.1.pom
Downloaded from nykredit: https://maven.tools.nykredit.it/org/apache/maven/maven-artifact-manager/2.2.1/maven-artifact-manager-2.2.1.pom (3.1 kB at 11 kB/s)
Downloading from nykredit: https://maven.tools.nykredit.it/backport-util-concurrent/backport-util-concurrent/3.1/backport-util-concurrent-3.1.pom
Downloaded from nykredit: https://maven.tools.nykredit.it/backport-util-concurrent/backport-util-concurrent/3.1/backport-util-concurrent-3.1.pom (880 B at 3.2 kB/s)
Downloading from nykredit: https://maven.tools.nykredit.it/org/apache/maven/maven-plugin-registry/2.2.1/maven-plugin-registry-2.2.1.pom
Downloaded from nykredit: https://maven.tools.nykredit.it/org/apache/maven/maven-plugin-registry/2.2.1/maven-plugin-registry-2.2.1.pom (1.9 kB at 6.5 kB/s)
Downloading from nykredit: https://maven.tools.nykredit.it/org/apache/maven/maven-plugin-descriptor/2.2.1/maven-plugin-descriptor-2.2.1.pom
Downloaded from nykredit: https://maven.tools.nykredit.it/org/apache/maven/maven-plugin-descriptor/2.2.1/maven-plugin-descriptor-2.2.1.pom (2.1 kB at 7.5 kB/s)
Downloading from nykredit: https://maven.tools.nykredit.it/org/apache/maven/maven-monitor/2.2.1/maven-monitor-2.2.1.pom
Downloaded from nykredit: https://maven.tools.nykredit.it/org/apache/maven/maven-monitor/2.2.1/maven-monitor-2.2.1.pom (1.3 kB at 4.3 kB/s)
Downloading from nykredit: https://maven.tools.nykredit.it/org/sonatype/plexus/plexus-sec-dispatcher/1.3/plexus-sec-dispatcher-1.3.pom
Downloaded from nykredit: https://maven.tools.nykredit.it/org/sonatype/plexus/plexus-sec-dispatcher/1.3/plexus-sec-dispatcher-1.3.pom (3.0 kB at 10 kB/s)
Downloading from nykredit: https://maven.tools.nykredit.it/org/sonatype/spice/spice-parent/12/spice-parent-12.pom
Downloaded from nykredit: https://maven.tools.nykredit.it/org/sonatype/spice/spice-parent/12/spice-parent-12.pom (6.8 kB at 24 kB/s)
Downloading from nykredit: https://maven.tools.nykredit.it/org/sonatype/forge/forge-parent/4/forge-parent-4.pom
Downloaded from nykredit: https://maven.tools.nykredit.it/org/sonatype/forge/forge-parent/4/forge-parent-4.pom (8.4 kB at 29 kB/s)
Downloading from nykredit: https://maven.tools.nykredit.it/org/codehaus/plexus/plexus-utils/1.5.5/plexus-utils-1.5.5.pom
Downloaded from nykredit: https://maven.tools.nykredit.it/org/codehaus/plexus/plexus-utils/1.5.5/plexus-utils-1.5.5.pom (5.1 kB at 18 kB/s)
Downloading from nykredit: https://maven.tools.nykredit.it/org/sonatype/plexus/plexus-cipher/1.4/plexus-cipher-1.4.pom
Downloaded from nykredit: https://maven.tools.nykredit.it/org/sonatype/plexus/plexus-cipher/1.4/plexus-cipher-1.4.pom (2.1 kB at 7.4 kB/s)
Downloading from nykredit: https://maven.tools.nykredit.it/org/codehaus/plexus/plexus-component-annotations/1.5.5/plexus-component-annotations-1.5.5.pom
Downloaded from nykredit: https://maven.tools.nykredit.it/org/codehaus/plexus/plexus-component-annotations/1.5.5/plexus-component-annotations-1.5.5.pom (815 B at 3.0 kB/s)
Downloading from nykredit: https://maven.tools.nykredit.it/org/codehaus/plexus/plexus-containers/1.5.5/plexus-containers-1.5.5.pom
Downloaded from nykredit: https://maven.tools.nykredit.it/org/codehaus/plexus/plexus-containers/1.5.5/plexus-containers-1.5.5.pom (4.2 kB at 16 kB/s)
Downloading from nykredit: https://maven.tools.nykredit.it/org/codehaus/plexus/plexus/2.0.7/plexus-2.0.7.pom
Downloaded from nykredit: https://maven.tools.nykredit.it/org/codehaus/plexus/plexus/2.0.7/plexus-2.0.7.pom (17 kB at 66 kB/s)
Downloading from nykredit: https://maven.tools.nykredit.it/org/codehaus/plexus/plexus-compiler-api/2.2/plexus-compiler-api-2.2.pom
Downloaded from nykredit: https://maven.tools.nykredit.it/org/codehaus/plexus/plexus-compiler-api/2.2/plexus-compiler-api-2.2.pom (865 B at 3.1 kB/s)
Downloading from nykredit: https://maven.tools.nykredit.it/org/codehaus/plexus/plexus-compiler/2.2/plexus-compiler-2.2.pom
Downloaded from nykredit: https://maven.tools.nykredit.it/org/codehaus/plexus/plexus-compiler/2.2/plexus-compiler-2.2.pom (3.6 kB at 13 kB/s)
Downloading from nykredit: https://maven.tools.nykredit.it/org/codehaus/plexus/plexus-components/1.3.1/plexus-components-1.3.1.pom
Downloaded from nykredit: https://maven.tools.nykredit.it/org/codehaus/plexus/plexus-components/1.3.1/plexus-components-1.3.1.pom (3.1 kB at 11 kB/s)
Downloading from nykredit: https://maven.tools.nykredit.it/org/codehaus/plexus/plexus/3.3.1/plexus-3.3.1.pom
Downloaded from nykredit: https://maven.tools.nykredit.it/org/codehaus/plexus/plexus/3.3.1/plexus-3.3.1.pom (20 kB at 75 kB/s)
Downloading from nykredit: https://maven.tools.nykredit.it/org/sonatype/spice/spice-parent/17/spice-parent-17.pom
Downloaded from nykredit: https://maven.tools.nykredit.it/org/sonatype/spice/spice-parent/17/spice-parent-17.pom (6.8 kB at 22 kB/s)
Downloading from nykredit: https://maven.tools.nykredit.it/org/sonatype/forge/forge-parent/10/forge-parent-10.pom
Downloaded from nykredit: https://maven.tools.nykredit.it/org/sonatype/forge/forge-parent/10/forge-parent-10.pom (14 kB at 47 kB/s)
Downloading from nykredit: https://maven.tools.nykredit.it/org/codehaus/plexus/plexus-utils/3.0.8/plexus-utils-3.0.8.pom
Downloaded from nykredit: https://maven.tools.nykredit.it/org/codehaus/plexus/plexus-utils/3.0.8/plexus-utils-3.0.8.pom (3.1 kB at 11 kB/s)
Downloading from nykredit: https://maven.tools.nykredit.it/org/codehaus/plexus/plexus/3.2/plexus-3.2.pom
Downloaded from nykredit: https://maven.tools.nykredit.it/org/codehaus/plexus/plexus/3.2/plexus-3.2.pom (19 kB at 65 kB/s)
Downloading from nykredit: https://maven.tools.nykredit.it/org/codehaus/plexus/plexus-compiler-manager/2.2/plexus-compiler-manager-2.2.pom
Downloaded from nykredit: https://maven.tools.nykredit.it/org/codehaus/plexus/plexus-compiler-manager/2.2/plexus-compiler-manager-2.2.pom (690 B at 2.4 kB/s)
Downloading from nykredit: https://maven.tools.nykredit.it/org/codehaus/plexus/plexus-compiler-javac/2.2/plexus-compiler-javac-2.2.pom
Downloaded from nykredit: https://maven.tools.nykredit.it/org/codehaus/plexus/plexus-compiler-javac/2.2/plexus-compiler-javac-2.2.pom (769 B at 2.7 kB/s)
Downloading from nykredit: https://maven.tools.nykredit.it/org/codehaus/plexus/plexus-compilers/2.2/plexus-compilers-2.2.pom
Downloaded from nykredit: https://maven.tools.nykredit.it/org/codehaus/plexus/plexus-compilers/2.2/plexus-compilers-2.2.pom (1.2 kB at 4.4 kB/s)
Downloading from nykredit: https://maven.tools.nykredit.it/org/codehaus/plexus/plexus-container-default/1.5.5/plexus-container-default-1.5.5.pom
Downloaded from nykredit: https://maven.tools.nykredit.it/org/codehaus/plexus/plexus-container-default/1.5.5/plexus-container-default-1.5.5.pom (2.8 kB at 9.2 kB/s)
Downloading from nykredit: https://maven.tools.nykredit.it/org/codehaus/plexus/plexus-utils/1.4.5/plexus-utils-1.4.5.pom
Downloaded from nykredit: https://maven.tools.nykredit.it/org/codehaus/plexus/plexus-utils/1.4.5/plexus-utils-1.4.5.pom (2.3 kB at 7.9 kB/s)
Downloading from nykredit: https://maven.tools.nykredit.it/org/codehaus/plexus/plexus-classworlds/2.2.2/plexus-classworlds-2.2.2.pom
Downloaded from nykredit: https://maven.tools.nykredit.it/org/codehaus/plexus/plexus-classworlds/2.2.2/plexus-classworlds-2.2.2.pom (4.0 kB at 13 kB/s)
Downloading from nykredit: https://maven.tools.nykredit.it/org/apache/xbean/xbean-reflect/3.4/xbean-reflect-3.4.pom
Downloaded from nykredit: https://maven.tools.nykredit.it/org/apache/xbean/xbean-reflect/3.4/xbean-reflect-3.4.pom (2.8 kB at 9.2 kB/s)
Downloading from nykredit: https://maven.tools.nykredit.it/org/apache/xbean/xbean/3.4/xbean-3.4.pom
Downloaded from nykredit: https://maven.tools.nykredit.it/org/apache/xbean/xbean/3.4/xbean-3.4.pom (19 kB at 62 kB/s)
Downloading from nykredit: https://maven.tools.nykredit.it/log4j/log4j/1.2.12/log4j-1.2.12.pom
Downloaded from nykredit: https://maven.tools.nykredit.it/log4j/log4j/1.2.12/log4j-1.2.12.pom (145 B at 533 B/s)
Downloading from nykredit: https://maven.tools.nykredit.it/commons-logging/commons-logging-api/1.1/commons-logging-api-1.1.pom
Downloaded from nykredit: https://maven.tools.nykredit.it/commons-logging/commons-logging-api/1.1/commons-logging-api-1.1.pom (5.3 kB at 19 kB/s)
Downloading from nykredit: https://maven.tools.nykredit.it/com/google/collections/google-collections/1.0/google-collections-1.0.pom
Downloaded from nykredit: https://maven.tools.nykredit.it/com/google/collections/google-collections/1.0/google-collections-1.0.pom (2.5 kB at 8.7 kB/s)
Downloading from nykredit: https://maven.tools.nykredit.it/com/google/google/1/google-1.pom
Downloaded from nykredit: https://maven.tools.nykredit.it/com/google/google/1/google-1.pom (1.6 kB at 5.5 kB/s)
Downloading from nykredit: https://maven.tools.nykredit.it/junit/junit/3.8.2/junit-3.8.2.pom
Downloaded from nykredit: https://maven.tools.nykredit.it/junit/junit/3.8.2/junit-3.8.2.pom (747 B at 2.7 kB/s)
Downloading from nykredit: https://maven.tools.nykredit.it/org/apache/maven/maven-plugin-api/2.0.9/maven-plugin-api-2.0.9.jar
Downloading from nykredit: https://maven.tools.nykredit.it/org/apache/maven/maven-artifact/2.0.9/maven-artifact-2.0.9.jar
Downloading from nykredit: https://maven.tools.nykredit.it/org/codehaus/plexus/plexus-utils/1.5.1/plexus-utils-1.5.1.jar
Downloading from nykredit: https://maven.tools.nykredit.it/org/apache/maven/maven-core/2.0.9/maven-core-2.0.9.jar
Downloading from nykredit: https://maven.tools.nykredit.it/org/apache/maven/maven-settings/2.0.9/maven-settings-2.0.9.jar
Downloaded from nykredit: https://maven.tools.nykredit.it/org/apache/maven/maven-plugin-api/2.0.9/maven-plugin-api-2.0.9.jar (13 kB at 45 kB/s)
Downloading from nykredit: https://maven.tools.nykredit.it/org/apache/maven/maven-plugin-parameter-documenter/2.0.9/maven-plugin-parameter-documenter-2.0.9.jar
Downloaded from nykredit: https://maven.tools.nykredit.it/org/apache/maven/maven-artifact/2.0.9/maven-artifact-2.0.9.jar (89 kB at 279 kB/s)
Downloaded from nykredit: https://maven.tools.nykredit.it/org/apache/maven/maven-settings/2.0.9/maven-settings-2.0.9.jar (49 kB at 155 kB/s)
Downloading from nykredit: https://maven.tools.nykredit.it/org/apache/maven/maven-profile/2.0.9/maven-profile-2.0.9.jar
Downloading from nykredit: https://maven.tools.nykredit.it/org/apache/maven/maven-model/2.0.9/maven-model-2.0.9.jar
Downloaded from nykredit: https://maven.tools.nykredit.it/org/apache/maven/maven-core/2.0.9/maven-core-2.0.9.jar (160 kB at 502 kB/s)
Downloading from nykredit: https://maven.tools.nykredit.it/org/apache/maven/maven-repository-metadata/2.0.9/maven-repository-metadata-2.0.9.jar
Downloaded from nykredit: https://maven.tools.nykredit.it/org/codehaus/plexus/plexus-utils/1.5.1/plexus-utils-1.5.1.jar (211 kB at 618 kB/s)
Downloading from nykredit: https://maven.tools.nykredit.it/org/apache/maven/maven-error-diagnostics/2.0.9/maven-error-diagnostics-2.0.9.jar
Downloaded from nykredit: https://maven.tools.nykredit.it/org/apache/maven/maven-plugin-parameter-documenter/2.0.9/maven-plugin-parameter-documenter-2.0.9.jar (21 kB at 46 kB/s)
Downloading from nykredit: https://maven.tools.nykredit.it/org/apache/maven/maven-project/2.0.9/maven-project-2.0.9.jar
Downloaded from nykredit: https://maven.tools.nykredit.it/org/apache/maven/maven-repository-metadata/2.0.9/maven-repository-metadata-2.0.9.jar (25 kB at 49 kB/s)
Downloading from nykredit: https://maven.tools.nykredit.it/org/apache/maven/maven-plugin-registry/2.0.9/maven-plugin-registry-2.0.9.jar
Downloaded from nykredit: https://maven.tools.nykredit.it/org/apache/maven/maven-profile/2.0.9/maven-profile-2.0.9.jar (35 kB at 69 kB/s)
Downloading from nykredit: https://maven.tools.nykredit.it/org/apache/maven/maven-plugin-descriptor/2.0.9/maven-plugin-descriptor-2.0.9.jar
Downloaded from nykredit: https://maven.tools.nykredit.it/org/apache/maven/maven-error-diagnostics/2.0.9/maven-error-diagnostics-2.0.9.jar (14 kB at 27 kB/s)
Downloading from nykredit: https://maven.tools.nykredit.it/org/apache/maven/maven-artifact-manager/2.0.9/maven-artifact-manager-2.0.9.jar
Downloaded from nykredit: https://maven.tools.nykredit.it/org/apache/maven/maven-model/2.0.9/maven-model-2.0.9.jar (87 kB at 168 kB/s)
Downloading from nykredit: https://maven.tools.nykredit.it/org/apache/maven/maven-monitor/2.0.9/maven-monitor-2.0.9.jar
Downloaded from nykredit: https://maven.tools.nykredit.it/org/apache/maven/maven-project/2.0.9/maven-project-2.0.9.jar (122 kB at 177 kB/s)
Downloading from nykredit: https://maven.tools.nykredit.it/org/apache/maven/maven-toolchain/1.0/maven-toolchain-1.0.jar
Downloaded from nykredit: https://maven.tools.nykredit.it/org/apache/maven/maven-monitor/2.0.9/maven-monitor-2.0.9.jar (10 kB at 15 kB/s)
Downloading from nykredit: https://maven.tools.nykredit.it/org/apache/maven/shared/maven-shared-utils/0.1/maven-shared-utils-0.1.jar
Downloaded from nykredit: https://maven.tools.nykredit.it/org/apache/maven/maven-plugin-descriptor/2.0.9/maven-plugin-descriptor-2.0.9.jar (37 kB at 53 kB/s)
Downloading from nykredit: https://maven.tools.nykredit.it/com/google/code/findbugs/jsr305/2.0.1/jsr305-2.0.1.jar
Downloaded from nykredit: https://maven.tools.nykredit.it/org/apache/maven/maven-plugin-registry/2.0.9/maven-plugin-registry-2.0.9.jar (29 kB at 41 kB/s)
Downloading from nykredit: https://maven.tools.nykredit.it/org/apache/maven/shared/maven-shared-incremental/1.1/maven-shared-incremental-1.1.jar
Downloaded from nykredit: https://maven.tools.nykredit.it/org/apache/maven/maven-artifact-manager/2.0.9/maven-artifact-manager-2.0.9.jar (58 kB at 81 kB/s)
Downloading from nykredit: https://maven.tools.nykredit.it/org/codehaus/plexus/plexus-component-annotations/1.5.5/plexus-component-annotations-1.5.5.jar
Downloaded from nykredit: https://maven.tools.nykredit.it/com/google/code/findbugs/jsr305/2.0.1/jsr305-2.0.1.jar (32 kB at 35 kB/s)
Downloading from nykredit: https://maven.tools.nykredit.it/org/codehaus/plexus/plexus-compiler-api/2.2/plexus-compiler-api-2.2.jar
Downloaded from nykredit: https://maven.tools.nykredit.it/org/apache/maven/maven-toolchain/1.0/maven-toolchain-1.0.jar (33 kB at 36 kB/s)
Downloading from nykredit: https://maven.tools.nykredit.it/org/codehaus/plexus/plexus-compiler-manager/2.2/plexus-compiler-manager-2.2.jar
Downloaded from nykredit: https://maven.tools.nykredit.it/org/apache/maven/shared/maven-shared-incremental/1.1/maven-shared-incremental-1.1.jar (14 kB at 15 kB/s)
Downloading from nykredit: https://maven.tools.nykredit.it/org/codehaus/plexus/plexus-compiler-javac/2.2/plexus-compiler-javac-2.2.jar
Downloaded from nykredit: https://maven.tools.nykredit.it/org/codehaus/plexus/plexus-component-annotations/1.5.5/plexus-component-annotations-1.5.5.jar (4.2 kB at 4.6 kB/s)
Downloading from nykredit: https://maven.tools.nykredit.it/org/codehaus/plexus/plexus-container-default/1.5.5/plexus-container-default-1.5.5.jar
Downloaded from nykredit: https://maven.tools.nykredit.it/org/apache/maven/shared/maven-shared-utils/0.1/maven-shared-utils-0.1.jar (155 kB at 168 kB/s)
Downloading from nykredit: https://maven.tools.nykredit.it/org/codehaus/plexus/plexus-classworlds/2.2.2/plexus-classworlds-2.2.2.jar
Downloaded from nykredit: https://maven.tools.nykredit.it/org/codehaus/plexus/plexus-compiler-manager/2.2/plexus-compiler-manager-2.2.jar (4.6 kB at 4.2 kB/s)
Downloading from nykredit: https://maven.tools.nykredit.it/org/apache/xbean/xbean-reflect/3.4/xbean-reflect-3.4.jar
Downloaded from nykredit: https://maven.tools.nykredit.it/org/codehaus/plexus/plexus-compiler-javac/2.2/plexus-compiler-javac-2.2.jar (19 kB at 17 kB/s)
Downloading from nykredit: https://maven.tools.nykredit.it/log4j/log4j/1.2.12/log4j-1.2.12.jar
Downloaded from nykredit: https://maven.tools.nykredit.it/org/codehaus/plexus/plexus-compiler-api/2.2/plexus-compiler-api-2.2.jar (25 kB at 23 kB/s)
Downloading from nykredit: https://maven.tools.nykredit.it/commons-logging/commons-logging-api/1.1/commons-logging-api-1.1.jar
Downloaded from nykredit: https://maven.tools.nykredit.it/org/codehaus/plexus/plexus-classworlds/2.2.2/plexus-classworlds-2.2.2.jar (46 kB at 41 kB/s)
Downloading from nykredit: https://maven.tools.nykredit.it/com/google/collections/google-collections/1.0/google-collections-1.0.jar
Downloaded from nykredit: https://maven.tools.nykredit.it/org/codehaus/plexus/plexus-container-default/1.5.5/plexus-container-default-1.5.5.jar (217 kB at 192 kB/s)
Downloading from nykredit: https://maven.tools.nykredit.it/junit/junit/3.8.2/junit-3.8.2.jar
Downloaded from nykredit: https://maven.tools.nykredit.it/org/apache/xbean/xbean-reflect/3.4/xbean-reflect-3.4.jar (134 kB at 102 kB/s)
Downloaded from nykredit: https://maven.tools.nykredit.it/commons-logging/commons-logging-api/1.1/commons-logging-api-1.1.jar (45 kB at 34 kB/s)
Downloaded from nykredit: https://maven.tools.nykredit.it/log4j/log4j/1.2.12/log4j-1.2.12.jar (358 kB at 267 kB/s)
Downloaded from nykredit: https://maven.tools.nykredit.it/junit/junit/3.8.2/junit-3.8.2.jar (121 kB at 90 kB/s)
Downloaded from nykredit: https://maven.tools.nykredit.it/com/google/collections/google-collections/1.0/google-collections-1.0.jar (640 kB at 459 kB/s)
2023-04-03T11:02:13.412Z [INFO] Changes detected - recompiling the module!
2023-04-03T11:02:13.416Z [INFO] Compiling 10 source files to /home/morten/projects/nykredit/nexus-test/target/classes
2023-04-03T11:02:14.000Z [INFO]
2023-04-03T11:02:14.000Z [INFO] --- maven-resources-plugin:2.6:testResources (default-testResources) @ bank ---
2023-04-03T11:02:14.001Z [INFO] Using 'UTF-8' encoding to copy filtered resources.
2023-04-03T11:02:14.002Z [INFO] skip non existing resourceDirectory /home/morten/projects/nykredit/nexus-test/src/test/resources
2023-04-03T11:02:14.002Z [INFO]
2023-04-03T11:02:14.002Z [INFO] --- maven-compiler-plugin:3.1:testCompile (default-testCompile) @ bank ---
2023-04-03T11:02:14.005Z [INFO] Changes detected - recompiling the module!
2023-04-03T11:02:14.006Z [INFO] Compiling 5 source files to /home/morten/projects/nykredit/nexus-test/target/test-classes
2023-04-03T11:02:14.251Z [WARNING] /home/morten/projects/nykredit/nexus-test/src/test/java/dk/hindsholm/bank/AccountExposureIT.java: /home/morten/projects/nykredit/nexus-test/src/test/java/dk/hindsholm/bank/AccountExposureIT.java uses unchecked or unsafe operations.
2023-04-03T11:02:14.251Z [WARNING] /home/morten/projects/nykredit/nexus-test/src/test/java/dk/hindsholm/bank/AccountExposureIT.java: Recompile with -Xlint:unchecked for details.
2023-04-03T11:02:14.251Z [INFO]
2023-04-03T11:02:14.251Z [INFO] --- jaxrs-analyzer-maven-plugin:0.17:analyze-jaxrs (default) @ bank ---
Downloading from nykredit: https://maven.tools.nykredit.it/com/sebastian-daschner/jaxrs-analyzer/0.17/jaxrs-analyzer-0.17.pom
Downloaded from nykredit: https://maven.tools.nykredit.it/com/sebastian-daschner/jaxrs-analyzer/0.17/jaxrs-analyzer-0.17.pom (5.2 kB at 20 kB/s)
Downloading from nykredit: https://maven.tools.nykredit.it/org/eclipse/aether/aether-api/1.0.2.v20150114/aether-api-1.0.2.v20150114.pom
Downloaded from nykredit: https://maven.tools.nykredit.it/org/eclipse/aether/aether-api/1.0.2.v20150114/aether-api-1.0.2.v20150114.pom (1.8 kB at 6.8 kB/s)
Downloading from nykredit: https://maven.tools.nykredit.it/org/eclipse/aether/aether/1.0.2.v20150114/aether-1.0.2.v20150114.pom
Downloaded from nykredit: https://maven.tools.nykredit.it/org/eclipse/aether/aether/1.0.2.v20150114/aether-1.0.2.v20150114.pom (29 kB at 107 kB/s)
Downloading from nykredit: https://maven.tools.nykredit.it/com/sebastian-daschner/jaxrs-analyzer/0.17/jaxrs-analyzer-0.17.jar
Downloading from nykredit: https://maven.tools.nykredit.it/org/eclipse/aether/aether-api/1.0.2.v20150114/aether-api-1.0.2.v20150114.jar
Downloading from nykredit: https://maven.tools.nykredit.it/org/codehaus/plexus/plexus-utils/1.1/plexus-utils-1.1.jar
Downloaded from nykredit: https://maven.tools.nykredit.it/org/codehaus/plexus/plexus-utils/1.1/plexus-utils-1.1.jar (169 kB at 537 kB/s)
Downloaded from nykredit: https://maven.tools.nykredit.it/org/eclipse/aether/aether-api/1.0.2.v20150114/aether-api-1.0.2.v20150114.jar (136 kB at 426 kB/s)
Downloaded from nykredit: https://maven.tools.nykredit.it/com/sebastian-daschner/jaxrs-analyzer/0.17/jaxrs-analyzer-0.17.jar (4.1 MB at 4.4 MB/s)
2023-04-03T11:02:16.090Z [INFO] analyzing JAX-RS resources, using Swagger backend
2023-04-03T11:02:16.095Z [INFO] Generating resources at /home/morten/projects/nykredit/nexus-test/target/jaxrs-analyzer/swagger.json
2023-04-03T11:02:16.755Z [INFO]
2023-04-03T11:02:16.755Z [INFO] --- maven-surefire-plugin:2.22.0:test (default-test) @ bank ---
Downloading from nykredit: https://maven.tools.nykredit.it/org/apache/maven/surefire/maven-surefire-common/2.22.0/maven-surefire-common-2.22.0.pom
Downloaded from nykredit: https://maven.tools.nykredit.it/org/apache/maven/surefire/maven-surefire-common/2.22.0/maven-surefire-common-2.22.0.pom (11 kB at 44 kB/s)
Downloading from nykredit: https://maven.tools.nykredit.it/org/apache/maven/plugin-tools/maven-plugin-annotations/3.5/maven-plugin-annotations-3.5.pom
Downloaded from nykredit: https://maven.tools.nykredit.it/org/apache/maven/plugin-tools/maven-plugin-annotations/3.5/maven-plugin-annotations-3.5.pom (1.7 kB at 6.1 kB/s)
Downloading from nykredit: https://maven.tools.nykredit.it/org/apache/maven/plugin-tools/maven-plugin-tools/3.5/maven-plugin-tools-3.5.pom
Downloaded from nykredit: https://maven.tools.nykredit.it/org/apache/maven/plugin-tools/maven-plugin-tools/3.5/maven-plugin-tools-3.5.pom (16 kB at 55 kB/s)
Downloading from nykredit: https://maven.tools.nykredit.it/org/apache/maven/maven-parent/30/maven-parent-30.pom
Downloaded from nykredit: https://maven.tools.nykredit.it/org/apache/maven/maven-parent/30/maven-parent-30.pom (41 kB at 155 kB/s)
Downloading from nykredit: https://maven.tools.nykredit.it/org/apache/apache/18/apache-18.pom
Downloaded from nykredit: https://maven.tools.nykredit.it/org/apache/apache/18/apache-18.pom (16 kB at 59 kB/s)
Downloading from nykredit: https://maven.tools.nykredit.it/org/apache/maven/surefire/surefire-api/2.22.0/surefire-api-2.22.0.pom
Downloaded from nykredit: https://maven.tools.nykredit.it/org/apache/maven/surefire/surefire-api/2.22.0/surefire-api-2.22.0.pom (3.5 kB at 13 kB/s)
Downloading from nykredit: https://maven.tools.nykredit.it/org/apache/maven/surefire/surefire-logger-api/2.22.0/surefire-logger-api-2.22.0.pom
Downloaded from nykredit: https://maven.tools.nykredit.it/org/apache/maven/surefire/surefire-logger-api/2.22.0/surefire-logger-api-2.22.0.pom (2.0 kB at 6.8 kB/s)
Downloading from nykredit: https://maven.tools.nykredit.it/org/apache/maven/surefire/surefire-booter/2.22.0/surefire-booter-2.22.0.pom
Downloaded from nykredit: https://maven.tools.nykredit.it/org/apache/maven/surefire/surefire-booter/2.22.0/surefire-booter-2.22.0.pom (7.4 kB at 26 kB/s)
Downloading from nykredit: https://maven.tools.nykredit.it/org/apache/maven/reporting/maven-reporting-api/3.0/maven-reporting-api-3.0.pom
Downloaded from nykredit: https://maven.tools.nykredit.it/org/apache/maven/reporting/maven-reporting-api/3.0/maven-reporting-api-3.0.pom (2.4 kB at 8.7 kB/s)
Downloading from nykredit: https://maven.tools.nykredit.it/org/apache/maven/shared/maven-shared-components/15/maven-shared-components-15.pom
Downloaded from nykredit: https://maven.tools.nykredit.it/org/apache/maven/shared/maven-shared-components/15/maven-shared-components-15.pom (9.3 kB at 33 kB/s)
Downloading from nykredit: https://maven.tools.nykredit.it/org/apache/maven/maven-parent/16/maven-parent-16.pom
Downloaded from nykredit: https://maven.tools.nykredit.it/org/apache/maven/maven-parent/16/maven-parent-16.pom (23 kB at 82 kB/s)
Downloading from nykredit: https://maven.tools.nykredit.it/org/apache/apache/7/apache-7.pom
Downloaded from nykredit: https://maven.tools.nykredit.it/org/apache/apache/7/apache-7.pom (14 kB at 53 kB/s)
Downloading from nykredit: https://maven.tools.nykredit.it/org/apache/maven/maven-toolchain/2.2.1/maven-toolchain-2.2.1.pom
Downloaded from nykredit: https://maven.tools.nykredit.it/org/apache/maven/maven-toolchain/2.2.1/maven-toolchain-2.2.1.pom (3.3 kB at 12 kB/s)
Downloading from nykredit: https://maven.tools.nykredit.it/org/codehaus/plexus/plexus-java/0.9.8/plexus-java-0.9.8.pom
Downloaded from nykredit: https://maven.tools.nykredit.it/org/codehaus/plexus/plexus-java/0.9.8/plexus-java-0.9.8.pom (2.4 kB at 8.1 kB/s)
Downloading from nykredit: https://maven.tools.nykredit.it/org/codehaus/plexus/plexus-languages/0.9.8/plexus-languages-0.9.8.pom
Downloaded from nykredit: https://maven.tools.nykredit.it/org/codehaus/plexus/plexus-languages/0.9.8/plexus-languages-0.9.8.pom (2.2 kB at 7.7 kB/s)
Downloading from nykredit: https://maven.tools.nykredit.it/org/codehaus/plexus/plexus/4.0/plexus-4.0.pom
Downloaded from nykredit: https://maven.tools.nykredit.it/org/codehaus/plexus/plexus/4.0/plexus-4.0.pom (22 kB at 73 kB/s)
Downloading from nykredit: https://maven.tools.nykredit.it/org/ow2/asm/asm/6.1.1/asm-6.1.1.pom
Downloaded from nykredit: https://maven.tools.nykredit.it/org/ow2/asm/asm/6.1.1/asm-6.1.1.pom (2.9 kB at 10 kB/s)
Downloading from nykredit: https://maven.tools.nykredit.it/org/ow2/ow2/1.5/ow2-1.5.pom
Downloaded from nykredit: https://maven.tools.nykredit.it/org/ow2/ow2/1.5/ow2-1.5.pom (11 kB at 39 kB/s)
Downloading from nykredit: https://maven.tools.nykredit.it/com/thoughtworks/qdox/qdox/2.0-M7/qdox-2.0-M7.pom
Downloaded from nykredit: https://maven.tools.nykredit.it/com/thoughtworks/qdox/qdox/2.0-M7/qdox-2.0-M7.pom (16 kB at 50 kB/s)
Downloading from nykredit: https://maven.tools.nykredit.it/org/sonatype/oss/oss-parent/9/oss-parent-9.pom
Downloaded from nykredit: https://maven.tools.nykredit.it/org/sonatype/oss/oss-parent/9/oss-parent-9.pom (6.6 kB at 23 kB/s)
Downloading from nykredit: https://maven.tools.nykredit.it/org/apache/maven/surefire/maven-surefire-common/2.22.0/maven-surefire-common-2.22.0.jar
Downloading from nykredit: https://maven.tools.nykredit.it/org/apache/maven/maven-plugin-api/2.2.1/maven-plugin-api-2.2.1.jar
Downloading from nykredit: https://maven.tools.nykredit.it/org/apache/maven/plugin-tools/maven-plugin-annotations/3.5/maven-plugin-annotations-3.5.jar
Downloading from nykredit: https://maven.tools.nykredit.it/org/apache/maven/surefire/surefire-api/2.22.0/surefire-api-2.22.0.jar
Downloading from nykredit: https://maven.tools.nykredit.it/org/apache/maven/surefire/surefire-logger-api/2.22.0/surefire-logger-api-2.22.0.jar
Downloaded from nykredit: https://maven.tools.nykredit.it/org/apache/maven/plugin-tools/maven-plugin-annotations/3.5/maven-plugin-annotations-3.5.jar (14 kB at 50 kB/s)
Downloading from nykredit: https://maven.tools.nykredit.it/org/apache/maven/surefire/surefire-booter/2.22.0/surefire-booter-2.22.0.jar
Downloaded from nykredit: https://maven.tools.nykredit.it/org/apache/maven/surefire/surefire-logger-api/2.22.0/surefire-logger-api-2.22.0.jar (13 kB at 46 kB/s)
Downloaded from nykredit: https://maven.tools.nykredit.it/org/apache/maven/maven-plugin-api/2.2.1/maven-plugin-api-2.2.1.jar (12 kB at 43 kB/s)
Downloading from nykredit: https://maven.tools.nykredit.it/org/apache/maven/maven-artifact/2.2.1/maven-artifact-2.2.1.jar
Downloading from nykredit: https://maven.tools.nykredit.it/org/codehaus/plexus/plexus-utils/1.5.15/plexus-utils-1.5.15.jar
Downloaded from nykredit: https://maven.tools.nykredit.it/org/apache/maven/surefire/surefire-api/2.22.0/surefire-api-2.22.0.jar (186 kB at 570 kB/s)
Downloading from nykredit: https://maven.tools.nykredit.it/org/apache/maven/maven-plugin-descriptor/2.2.1/maven-plugin-descriptor-2.2.1.jar
Downloaded from nykredit: https://maven.tools.nykredit.it/org/apache/maven/surefire/maven-surefire-common/2.22.0/maven-surefire-common-2.22.0.jar (524 kB at 1.4 MB/s)
Downloading from nykredit: https://maven.tools.nykredit.it/org/apache/maven/maven-project/2.2.1/maven-project-2.2.1.jar
Downloaded from nykredit: https://maven.tools.nykredit.it/org/apache/maven/maven-artifact/2.2.1/maven-artifact-2.2.1.jar (80 kB at 161 kB/s)
Downloading from nykredit: https://maven.tools.nykredit.it/org/apache/maven/maven-settings/2.2.1/maven-settings-2.2.1.jar
Downloaded from nykredit: https://maven.tools.nykredit.it/org/apache/maven/maven-plugin-descriptor/2.2.1/maven-plugin-descriptor-2.2.1.jar (39 kB at 76 kB/s)
Downloading from nykredit: https://maven.tools.nykredit.it/org/apache/maven/maven-profile/2.2.1/maven-profile-2.2.1.jar
Downloaded from nykredit: https://maven.tools.nykredit.it/org/apache/maven/surefire/surefire-booter/2.22.0/surefire-booter-2.22.0.jar (273 kB at 517 kB/s)
Downloading from nykredit: https://maven.tools.nykredit.it/org/apache/maven/maven-artifact-manager/2.2.1/maven-artifact-manager-2.2.1.jar
Downloaded from nykredit: https://maven.tools.nykredit.it/org/codehaus/plexus/plexus-utils/1.5.15/plexus-utils-1.5.15.jar (228 kB at 429 kB/s)
Downloading from nykredit: https://maven.tools.nykredit.it/backport-util-concurrent/backport-util-concurrent/3.1/backport-util-concurrent-3.1.jar
Downloaded from nykredit: https://maven.tools.nykredit.it/org/apache/maven/maven-project/2.2.1/maven-project-2.2.1.jar (156 kB at 243 kB/s)
Downloading from nykredit: https://maven.tools.nykredit.it/org/apache/maven/maven-plugin-registry/2.2.1/maven-plugin-registry-2.2.1.jar
Downloaded from nykredit: https://maven.tools.nykredit.it/org/apache/maven/maven-profile/2.2.1/maven-profile-2.2.1.jar (35 kB at 47 kB/s)
Downloading from nykredit: https://maven.tools.nykredit.it/org/codehaus/plexus/plexus-interpolation/1.11/plexus-interpolation-1.11.jar
Downloaded from nykredit: https://maven.tools.nykredit.it/org/apache/maven/maven-settings/2.2.1/maven-settings-2.2.1.jar (49 kB at 65 kB/s)
Downloading from nykredit: https://maven.tools.nykredit.it/org/apache/maven/maven-model/2.2.1/maven-model-2.2.1.jar
Downloaded from nykredit: https://maven.tools.nykredit.it/org/apache/maven/maven-artifact-manager/2.2.1/maven-artifact-manager-2.2.1.jar (68 kB at 89 kB/s)
Downloading from nykredit: https://maven.tools.nykredit.it/org/apache/maven/maven-core/2.2.1/maven-core-2.2.1.jar
Downloaded from nykredit: https://maven.tools.nykredit.it/backport-util-concurrent/backport-util-concurrent/3.1/backport-util-concurrent-3.1.jar (332 kB at 421 kB/s)
Downloading from nykredit: https://maven.tools.nykredit.it/org/apache/maven/maven-plugin-parameter-documenter/2.2.1/maven-plugin-parameter-documenter-2.2.1.jar
Downloaded from nykredit: https://maven.tools.nykredit.it/org/apache/maven/maven-plugin-registry/2.2.1/maven-plugin-registry-2.2.1.jar (30 kB at 35 kB/s)
Downloading from nykredit: https://maven.tools.nykredit.it/org/slf4j/slf4j-jdk14/1.5.6/slf4j-jdk14-1.5.6.jar
Downloaded from nykredit: https://maven.tools.nykredit.it/org/codehaus/plexus/plexus-interpolation/1.11/plexus-interpolation-1.11.jar (51 kB at 54 kB/s)
Downloading from nykredit: https://maven.tools.nykredit.it/org/slf4j/slf4j-api/1.5.6/slf4j-api-1.5.6.jar
Downloaded from nykredit: https://maven.tools.nykredit.it/org/apache/maven/maven-model/2.2.1/maven-model-2.2.1.jar (88 kB at 91 kB/s)
Downloading from nykredit: https://maven.tools.nykredit.it/org/slf4j/jcl-over-slf4j/1.5.6/jcl-over-slf4j-1.5.6.jar
Downloaded from nykredit: https://maven.tools.nykredit.it/org/apache/maven/maven-core/2.2.1/maven-core-2.2.1.jar (178 kB at 184 kB/s)
Downloading from nykredit: https://maven.tools.nykredit.it/org/apache/maven/reporting/maven-reporting-api/3.0/maven-reporting-api-3.0.jar
Downloaded from nykredit: https://maven.tools.nykredit.it/org/apache/maven/maven-plugin-parameter-documenter/2.2.1/maven-plugin-parameter-documenter-2.2.1.jar (22 kB at 23 kB/s)
Downloading from nykredit: https://maven.tools.nykredit.it/org/apache/maven/maven-repository-metadata/2.2.1/maven-repository-metadata-2.2.1.jar
Downloaded from nykredit: https://maven.tools.nykredit.it/org/slf4j/slf4j-jdk14/1.5.6/slf4j-jdk14-1.5.6.jar (8.8 kB at 8.6 kB/s)
Downloading from nykredit: https://maven.tools.nykredit.it/org/apache/maven/maven-error-diagnostics/2.2.1/maven-error-diagnostics-2.2.1.jar
Downloaded from nykredit: https://maven.tools.nykredit.it/org/slf4j/jcl-over-slf4j/1.5.6/jcl-over-slf4j-1.5.6.jar (17 kB at 15 kB/s)
Downloading from nykredit: https://maven.tools.nykredit.it/org/apache/maven/maven-monitor/2.2.1/maven-monitor-2.2.1.jar
Downloaded from nykredit: https://maven.tools.nykredit.it/org/slf4j/slf4j-api/1.5.6/slf4j-api-1.5.6.jar (22 kB at 19 kB/s)
Downloaded from nykredit: https://maven.tools.nykredit.it/org/apache/maven/reporting/maven-reporting-api/3.0/maven-reporting-api-3.0.jar (11 kB at 9.5 kB/s)
Downloading from nykredit: https://maven.tools.nykredit.it/org/sonatype/plexus/plexus-sec-dispatcher/1.3/plexus-sec-dispatcher-1.3.jar
Downloading from nykredit: https://maven.tools.nykredit.it/org/sonatype/plexus/plexus-cipher/1.4/plexus-cipher-1.4.jar
Downloaded from nykredit: https://maven.tools.nykredit.it/org/apache/maven/maven-repository-metadata/2.2.1/maven-repository-metadata-2.2.1.jar (26 kB at 22 kB/s)
Downloading from nykredit: https://maven.tools.nykredit.it/org/apache/maven/maven-toolchain/2.2.1/maven-toolchain-2.2.1.jar
Downloaded from nykredit: https://maven.tools.nykredit.it/org/apache/maven/maven-error-diagnostics/2.2.1/maven-error-diagnostics-2.2.1.jar (13 kB at 11 kB/s)
Downloading from nykredit: https://maven.tools.nykredit.it/org/codehaus/plexus/plexus-java/0.9.8/plexus-java-0.9.8.jar
Downloaded from nykredit: https://maven.tools.nykredit.it/org/apache/maven/maven-monitor/2.2.1/maven-monitor-2.2.1.jar (10 kB at 7.8 kB/s)
Downloading from nykredit: https://maven.tools.nykredit.it/org/ow2/asm/asm/6.1.1/asm-6.1.1.jar
Downloaded from nykredit: https://maven.tools.nykredit.it/org/sonatype/plexus/plexus-cipher/1.4/plexus-cipher-1.4.jar (13 kB at 10.0 kB/s)
Downloading from nykredit: https://maven.tools.nykredit.it/com/thoughtworks/qdox/qdox/2.0-M7/qdox-2.0-M7.jar
Downloaded from nykredit: https://maven.tools.nykredit.it/org/sonatype/plexus/plexus-sec-dispatcher/1.3/plexus-sec-dispatcher-1.3.jar (29 kB at 21 kB/s)
Downloaded from nykredit: https://maven.tools.nykredit.it/org/apache/maven/maven-toolchain/2.2.1/maven-toolchain-2.2.1.jar (38 kB at 27 kB/s)
Downloaded from nykredit: https://maven.tools.nykredit.it/org/codehaus/plexus/plexus-java/0.9.8/plexus-java-0.9.8.jar (35 kB at 25 kB/s)
Downloaded from nykredit: https://maven.tools.nykredit.it/org/ow2/asm/asm/6.1.1/asm-6.1.1.jar (108 kB at 69 kB/s)
Downloaded from nykredit: https://maven.tools.nykredit.it/com/thoughtworks/qdox/qdox/2.0-M7/qdox-2.0-M7.jar (315 kB at 198 kB/s)
Downloading from nykredit: https://maven.tools.nykredit.it/org/apache/maven/surefire/surefire-junit-platform/2.22.0/surefire-junit-platform-2.22.0.pom
Downloaded from nykredit: https://maven.tools.nykredit.it/org/apache/maven/surefire/surefire-junit-platform/2.22.0/surefire-junit-platform-2.22.0.pom (7.0 kB at 26 kB/s)
Downloading from nykredit: https://maven.tools.nykredit.it/org/apache/maven/surefire/surefire-providers/2.22.0/surefire-providers-2.22.0.pom
Downloaded from nykredit: https://maven.tools.nykredit.it/org/apache/maven/surefire/surefire-providers/2.22.0/surefire-providers-2.22.0.pom (2.5 kB at 8.9 kB/s)
Downloading from nykredit: https://maven.tools.nykredit.it/org/junit/platform/junit-platform-launcher/1.2.0/junit-platform-launcher-1.2.0.pom
Downloaded from nykredit: https://maven.tools.nykredit.it/org/junit/platform/junit-platform-launcher/1.2.0/junit-platform-launcher-1.2.0.pom (2.2 kB at 8.9 kB/s)
Downloading from nykredit: https://maven.tools.nykredit.it/org/junit/platform/junit-platform-engine/1.2.0/junit-platform-engine-1.2.0.pom
Downloaded from nykredit: https://maven.tools.nykredit.it/org/junit/platform/junit-platform-engine/1.2.0/junit-platform-engine-1.2.0.pom (2.4 kB at 9.2 kB/s)
Downloading from nykredit: https://maven.tools.nykredit.it/org/junit/platform/junit-platform-commons/1.2.0/junit-platform-commons-1.2.0.pom
Downloaded from nykredit: https://maven.tools.nykredit.it/org/junit/platform/junit-platform-commons/1.2.0/junit-platform-commons-1.2.0.pom (2.0 kB at 7.7 kB/s)
Downloading from nykredit: https://maven.tools.nykredit.it/org/opentest4j/opentest4j/1.1.0/opentest4j-1.1.0.pom
Downloaded from nykredit: https://maven.tools.nykredit.it/org/opentest4j/opentest4j/1.1.0/opentest4j-1.1.0.pom (1.7 kB at 6.7 kB/s)
Downloading from nykredit: https://maven.tools.nykredit.it/org/junit/platform/junit-platform-engine/1.2.0/junit-platform-engine-1.2.0.jar
Downloading from nykredit: https://maven.tools.nykredit.it/org/junit/platform/junit-platform-launcher/1.2.0/junit-platform-launcher-1.2.0.jar
Downloading from nykredit: https://maven.tools.nykredit.it/org/junit/platform/junit-platform-commons/1.2.0/junit-platform-commons-1.2.0.jar
Downloading from nykredit: https://maven.tools.nykredit.it/org/apache/maven/surefire/surefire-junit-platform/2.22.0/surefire-junit-platform-2.22.0.jar
Downloading from nykredit: https://maven.tools.nykredit.it/org/opentest4j/opentest4j/1.1.0/opentest4j-1.1.0.jar
Downloaded from nykredit: https://maven.tools.nykredit.it/org/opentest4j/opentest4j/1.1.0/opentest4j-1.1.0.jar (6.8 kB at 25 kB/s)
Downloaded from nykredit: https://maven.tools.nykredit.it/org/junit/platform/junit-platform-engine/1.2.0/junit-platform-engine-1.2.0.jar (90 kB at 297 kB/s)
Downloaded from nykredit: https://maven.tools.nykredit.it/org/apache/maven/surefire/surefire-junit-platform/2.22.0/surefire-junit-platform-2.22.0.jar (66 kB at 218 kB/s)
Downloaded from nykredit: https://maven.tools.nykredit.it/org/junit/platform/junit-platform-commons/1.2.0/junit-platform-commons-1.2.0.jar (78 kB at 258 kB/s)
Downloaded from nykredit: https://maven.tools.nykredit.it/org/junit/platform/junit-platform-launcher/1.2.0/junit-platform-launcher-1.2.0.jar (80 kB at 264 kB/s)
2023-04-03T11:02:26.263Z [INFO]
2023-04-03T11:02:26.264Z [INFO] -------------------------------------------------------
2023-04-03T11:02:26.264Z [INFO]  T E S T S
2023-04-03T11:02:26.264Z [INFO] -------------------------------------------------------
2023-04-03T11:02:26.721Z [INFO] Running dk.hindsholm.bank.boundary.TransactionResourceTest
2023-04-03T11:02:27.250Z [INFO] Tests run: 2, Failures: 0, Errors: 0, Skipped: 0, Time elapsed: 0.51 s - in dk.hindsholm.bank.boundary.TransactionResourceTest
2023-04-03T11:02:27.250Z [INFO] Running dk.hindsholm.bank.boundary.AccountResourceTest
2023-04-03T11:02:27.288Z [INFO] Tests run: 6, Failures: 0, Errors: 0, Skipped: 0, Time elapsed: 0.032 s - in dk.hindsholm.bank.boundary.AccountResourceTest
2023-04-03T11:02:27.288Z [INFO] Running dk.hindsholm.bank.entity.AccountTest
2023-04-03T11:02:27.291Z [INFO] Tests run: 1, Failures: 0, Errors: 0, Skipped: 0, Time elapsed: 0.001 s - in dk.hindsholm.bank.entity.AccountTest
2023-04-03T11:02:27.634Z [INFO]
2023-04-03T11:02:27.634Z [INFO] Results:
2023-04-03T11:02:27.634Z [INFO]
2023-04-03T11:02:27.634Z [INFO] Tests run: 9, Failures: 0, Errors: 0, Skipped: 0
2023-04-03T11:02:27.634Z [INFO]
2023-04-03T11:02:27.649Z [INFO]
2023-04-03T11:02:27.650Z [INFO] --- maven-war-plugin:2.2:war (default-war) @ bank ---
Downloading from nykredit: https://maven.tools.nykredit.it/org/apache/maven/maven-archiver/2.5/maven-archiver-2.5.pom
Downloaded from nykredit: https://maven.tools.nykredit.it/org/apache/maven/maven-archiver/2.5/maven-archiver-2.5.pom (4.5 kB at 17 kB/s)
Downloading from nykredit: https://maven.tools.nykredit.it/org/codehaus/plexus/plexus-archiver/2.1/plexus-archiver-2.1.pom
Downloaded from nykredit: https://maven.tools.nykredit.it/org/codehaus/plexus/plexus-archiver/2.1/plexus-archiver-2.1.pom (2.8 kB at 10 kB/s)
Downloading from nykredit: https://maven.tools.nykredit.it/org/codehaus/plexus/plexus-io/2.0.2/plexus-io-2.0.2.pom
Downloaded from nykredit: https://maven.tools.nykredit.it/org/codehaus/plexus/plexus-io/2.0.2/plexus-io-2.0.2.pom (1.7 kB at 6.2 kB/s)
Downloading from nykredit: https://maven.tools.nykredit.it/org/codehaus/plexus/plexus-components/1.1.19/plexus-components-1.1.19.pom
Downloaded from nykredit: https://maven.tools.nykredit.it/org/codehaus/plexus/plexus-components/1.1.19/plexus-components-1.1.19.pom (2.7 kB at 9.5 kB/s)
Downloading from nykredit: https://maven.tools.nykredit.it/org/codehaus/plexus/plexus/3.0.1/plexus-3.0.1.pom
Downloaded from nykredit: https://maven.tools.nykredit.it/org/codehaus/plexus/plexus/3.0.1/plexus-3.0.1.pom (19 kB at 63 kB/s)
Downloading from nykredit: https://maven.tools.nykredit.it/org/codehaus/plexus/plexus-interpolation/1.15/plexus-interpolation-1.15.pom
Downloaded from nykredit: https://maven.tools.nykredit.it/org/codehaus/plexus/plexus-interpolation/1.15/plexus-interpolation-1.15.pom (1.0 kB at 3.5 kB/s)
Downloading from nykredit: https://maven.tools.nykredit.it/com/thoughtworks/xstream/xstream/1.3.1/xstream-1.3.1.pom
Downloaded from nykredit: https://maven.tools.nykredit.it/com/thoughtworks/xstream/xstream/1.3.1/xstream-1.3.1.pom (11 kB at 38 kB/s)
Downloading from nykredit: https://maven.tools.nykredit.it/com/thoughtworks/xstream/xstream-parent/1.3.1/xstream-parent-1.3.1.pom
Downloaded from nykredit: https://maven.tools.nykredit.it/com/thoughtworks/xstream/xstream-parent/1.3.1/xstream-parent-1.3.1.pom (14 kB at 50 kB/s)
Downloading from nykredit: https://maven.tools.nykredit.it/xpp3/xpp3_min/1.1.4c/xpp3_min-1.1.4c.pom
Downloaded from nykredit: https://maven.tools.nykredit.it/xpp3/xpp3_min/1.1.4c/xpp3_min-1.1.4c.pom (1.6 kB at 5.7 kB/s)
Downloading from nykredit: https://maven.tools.nykredit.it/org/apache/maven/shared/maven-filtering/1.0-beta-2/maven-filtering-1.0-beta-2.pom
Downloaded from nykredit: https://maven.tools.nykredit.it/org/apache/maven/shared/maven-filtering/1.0-beta-2/maven-filtering-1.0-beta-2.pom (4.0 kB at 14 kB/s)
Downloading from nykredit: https://maven.tools.nykredit.it/org/apache/maven/shared/maven-shared-components/10/maven-shared-components-10.pom
Downloaded from nykredit: https://maven.tools.nykredit.it/org/apache/maven/shared/maven-shared-components/10/maven-shared-components-10.pom (8.4 kB at 31 kB/s)
Downloading from nykredit: https://maven.tools.nykredit.it/org/apache/maven/maven-parent/9/maven-parent-9.pom
Downloaded from nykredit: https://maven.tools.nykredit.it/org/apache/maven/maven-parent/9/maven-parent-9.pom (33 kB at 113 kB/s)
Downloading from nykredit: https://maven.tools.nykredit.it/org/codehaus/plexus/plexus-utils/1.5.6/plexus-utils-1.5.6.pom
Downloaded from nykredit: https://maven.tools.nykredit.it/org/codehaus/plexus/plexus-utils/1.5.6/plexus-utils-1.5.6.pom (5.3 kB at 19 kB/s)
Downloading from nykredit: https://maven.tools.nykredit.it/org/codehaus/plexus/plexus/1.0.12/plexus-1.0.12.pom
Downloaded from nykredit: https://maven.tools.nykredit.it/org/codehaus/plexus/plexus/1.0.12/plexus-1.0.12.pom (9.8 kB at 36 kB/s)
Downloading from nykredit: https://maven.tools.nykredit.it/org/codehaus/plexus/plexus-interpolation/1.6/plexus-interpolation-1.6.pom
Downloaded from nykredit: https://maven.tools.nykredit.it/org/codehaus/plexus/plexus-interpolation/1.6/plexus-interpolation-1.6.pom (2.9 kB at 10.0 kB/s)
Downloading from nykredit: https://maven.tools.nykredit.it/org/apache/maven/maven-archiver/2.5/maven-archiver-2.5.jar
Downloading from nykredit: https://maven.tools.nykredit.it/org/codehaus/plexus/plexus-io/2.0.2/plexus-io-2.0.2.jar
Downloading from nykredit: https://maven.tools.nykredit.it/org/codehaus/plexus/plexus-archiver/2.1/plexus-archiver-2.1.jar
Downloading from nykredit: https://maven.tools.nykredit.it/org/codehaus/plexus/plexus-interpolation/1.15/plexus-interpolation-1.15.jar
Downloading from nykredit: https://maven.tools.nykredit.it/com/thoughtworks/xstream/xstream/1.3.1/xstream-1.3.1.jar
Downloaded from nykredit: https://maven.tools.nykredit.it/org/apache/maven/maven-archiver/2.5/maven-archiver-2.5.jar (22 kB at 72 kB/s)
Downloading from nykredit: https://maven.tools.nykredit.it/xpp3/xpp3_min/1.1.4c/xpp3_min-1.1.4c.jar
Downloaded from nykredit: https://maven.tools.nykredit.it/org/codehaus/plexus/plexus-interpolation/1.15/plexus-interpolation-1.15.jar (60 kB at 191 kB/s)
Downloading from nykredit: https://maven.tools.nykredit.it/org/apache/maven/shared/maven-filtering/1.0-beta-2/maven-filtering-1.0-beta-2.jar
Downloaded from nykredit: https://maven.tools.nykredit.it/org/codehaus/plexus/plexus-io/2.0.2/plexus-io-2.0.2.jar (58 kB at 183 kB/s)
Downloaded from nykredit: https://maven.tools.nykredit.it/org/codehaus/plexus/plexus-archiver/2.1/plexus-archiver-2.1.jar (184 kB at 544 kB/s)
Downloaded from nykredit: https://maven.tools.nykredit.it/com/thoughtworks/xstream/xstream/1.3.1/xstream-1.3.1.jar (431 kB at 1.2 MB/s)
Downloaded from nykredit: https://maven.tools.nykredit.it/xpp3/xpp3_min/1.1.4c/xpp3_min-1.1.4c.jar (25 kB at 50 kB/s)
Downloaded from nykredit: https://maven.tools.nykredit.it/org/apache/maven/shared/maven-filtering/1.0-beta-2/maven-filtering-1.0-beta-2.jar (33 kB at 65 kB/s)
2023-04-03T11:02:32.690Z [INFO] Packaging webapp
2023-04-03T11:02:32.691Z [INFO] Assembling webapp [bank] in [/home/morten/projects/nykredit/nexus-test/target/bank]
2023-04-03T11:02:32.697Z [INFO] Processing war project
2023-04-03T11:02:32.697Z [INFO] Copying webapp resources [/home/morten/projects/nykredit/nexus-test/src/main/webapp]
2023-04-03T11:02:32.715Z [INFO] Webapp assembled in [24 msecs]
2023-04-03T11:02:32.770Z [INFO] Building war: /home/morten/projects/nykredit/nexus-test/target/bank.war
2023-04-03T11:02:32.790Z [INFO] ------------------------------------------------------------------------
2023-04-03T11:02:32.790Z [INFO] BUILD SUCCESS
2023-04-03T11:02:32.790Z [INFO] ------------------------------------------------------------------------
2023-04-03T11:02:32.791Z [INFO] Total time:  01:51 min
2023-04-03T11:02:32.792Z [INFO] Finished at: 2023-04-03T11:02:32+02:00
2023-04-03T11:02:32.792Z [INFO] ------------------------------------------------------------------------
